Using pre-set license
Built from '2020.3/release' branch; Version is '2020.3.1f1 (77a89f25062f) revision 7841951'; Using compiler version '192528614'; Build Type 'Release'
OS: 'Windows 10 Home; OS build 19041.928; Version 2004; 64bit' Language: 'en' Physical Memory: 8054 MB
BatchMode: 1, IsHumanControllingUs: 0, StartBugReporterOnCrash: 0, Is64bit: 1, IsPro: 0

 COMMAND LINE ARGUMENTS:
C:\Program Files\Unity\Hub\Editor\2020.3.1f1\Editor\Unity.exe
-adb2
-batchMode
-noUpm
-name
AssetImportWorker2
-projectPath
C:/Users/andri/Desktop/MFPS/FPS Demo Client side
-logFile
Logs/AssetImportWorker2.log
-srvPort
59199
Successfully changed project path to: C:/Users/andri/Desktop/MFPS/FPS Demo Client side
C:/Users/andri/Desktop/MFPS/FPS Demo Client side
Using Asset Import Pipeline V2.
Refreshing native plugins compatible for Editor in 58.14 ms, found 0 plugins.
Preloading 0 native plugins for Editor in 0.00 ms.
Initialize engine version: 2020.3.1f1 (77a89f25062f)
[Subsystems] Discovering subsystems at path C:/Program Files/Unity/Hub/Editor/2020.3.1f1/Editor/Data/Resources/UnitySubsystems
[Subsystems] Discovering subsystems at path C:/Users/andri/Desktop/MFPS/FPS Demo Client side/Assets
GfxDevice: creating device client; threaded=0
Direct3D:
    Version:  Direct3D 11.0 [level 11.0]
    Renderer: NVIDIA GeForce GTX 960M (ID=0x139b)
    Vendor:   
    VRAM:     4055 MB
    Driver:   27.21.14.5771
Shader 'WFX/Transparent Specular': fallback shader 'Particles/Alpha Blended' not found
Shader 'WFX/Transparent Diffuse': fallback shader 'Particles/Alpha Blended' not found
Initialize mono
Mono path[0] = 'C:/Program Files/Unity/Hub/Editor/2020.3.1f1/Editor/Data/Managed'
Mono path[1] = 'C:/Program Files/Unity/Hub/Editor/2020.3.1f1/Editor/Data/MonoBleedingEdge/lib/mono/unityjit'
Mono config path = 'C:/Program Files/Unity/Hub/Editor/2020.3.1f1/Editor/Data/MonoBleedingEdge/etc'
Using monoOptions --debugger-agent=transport=dt_socket,embedding=1,server=y,suspend=n,address=127.0.0.1:56424
Begin MonoManager ReloadAssembly
Registering precompiled unity dll's ...
Register platform support module: C:/Program Files/Unity/Hub/Editor/2020.3.1f1/Editor/Data/PlaybackEngines/WindowsStandaloneSupport/UnityEditor.WindowsStandalone.Extensions.dll
Registered in 0.003291 seconds.
Native extension for WindowsStandalone target not found
Refreshing native plugins compatible for Editor in 63.88 ms, found 0 plugins.
Preloading 0 native plugins for Editor in 0.00 ms.
Invoked RoslynAnalysisRunner static constructor.
RoslynAnalysisRunner will not be running.
RoslynAnalysisRunner has terminated.
Mono: successfully reloaded assembly
- Completed reload, in  4.074 seconds
Platform modules already initialized, skipping
Registering precompiled user dll's ...
Registered in 0.002325 seconds.
Begin MonoManager ReloadAssembly
Native extension for WindowsStandalone target not found
Refreshing native plugins compatible for Editor in 0.41 ms, found 0 plugins.
Preloading 0 native plugins for Editor in 0.00 ms.
Invoked RoslynAnalysisRunner static constructor.
RoslynAnalysisRunner will not be running.
RoslynAnalysisRunner has terminated.
Mono: successfully reloaded assembly
- Completed reload, in  3.069 seconds
Platform modules already initialized, skipping
========================================================================
Worker process is ready to serve import requests
Shader 'WFX/Transparent Specular': fallback shader 'Particles/Alpha Blended' not found
Shader 'WFX/Transparent Diffuse': fallback shader 'Particles/Alpha Blended' not found
Launched and connected shader compiler UnityShaderCompiler.exe after 0.09 seconds
Refreshing native plugins compatible for Editor in 0.62 ms, found 0 plugins.
Preloading 0 native plugins for Editor in 0.00 ms.
Unloading 1557 Unused Serialized files (Serialized files now loaded: 0)
System memory in use before: 82.8 MB.
System memory in use after: 82.8 MB.

Unloading 11 unused Assets to reduce memory usage. Loaded Objects now: 2006.
Total: 3.370500 ms (FindLiveObjects: 0.251500 ms CreateObjectMapping: 0.086400 ms MarkObjects: 2.916200 ms  DeleteObjects: 0.115100 ms)

========================================================================
Received Import Request.
  path: Assets/FPS/Scripts/Player/Player Controllers/PlayerController.cs
  artifactKey: Guid(f6025801a962ee742a83596bad13cecf) Importer(815301076,1909f56bfc062723c751e8b465ee728b)
Start importing Assets/FPS/Scripts/Player/Player Controllers/PlayerController.cs using Guid(f6025801a962ee742a83596bad13cecf) Importer(815301076,1909f56bfc062723c751e8b465ee728b)  -> (artifact id: '8126eac2df9e13138021018f2506ac80') in 0.095513 seconds
  Import took 0.102005 seconds .

========================================================================
Received Prepare
Registering precompiled user dll's ...
Registered in 0.002152 seconds.
Begin MonoManager ReloadAssembly
Native extension for WindowsStandalone target not found
Refreshing native plugins compatible for Editor in 0.64 ms, found 0 plugins.
Preloading 0 native plugins for Editor in 0.00 ms.
Invoked RoslynAnalysisRunner static constructor.
RoslynAnalysisRunner will not be running.
RoslynAnalysisRunner has terminated.
Mono: successfully reloaded assembly
- Completed reload, in  1.943 seconds
Platform modules already initialized, skipping
Shader 'WFX/Transparent Specular': fallback shader 'Particles/Alpha Blended' not found
Shader 'WFX/Transparent Diffuse': fallback shader 'Particles/Alpha Blended' not found
Refreshing native plugins compatible for Editor in 0.49 ms, found 0 plugins.
Preloading 0 native plugins for Editor in 0.00 ms.
Unloading 1526 Unused Serialized files (Serialized files now loaded: 0)
System memory in use before: 80.7 MB.
System memory in use after: 80.8 MB.

Unloading 6 unused Assets to reduce memory usage. Loaded Objects now: 2009.
Total: 3.859500 ms (FindLiveObjects: 0.330100 ms CreateObjectMapping: 0.159100 ms MarkObjects: 3.276400 ms  DeleteObjects: 0.090000 ms)

========================================================================
Received Prepare
Registering precompiled user dll's ...
Registered in 0.002133 seconds.
Begin MonoManager ReloadAssembly
Native extension for WindowsStandalone target not found
Refreshing native plugins compatible for Editor in 0.64 ms, found 0 plugins.
Preloading 0 native plugins for Editor in 0.00 ms.
Invoked RoslynAnalysisRunner static constructor.
RoslynAnalysisRunner will not be running.
RoslynAnalysisRunner has terminated.
Mono: successfully reloaded assembly
- Completed reload, in  2.046 seconds
Platform modules already initialized, skipping
Shader 'WFX/Transparent Specular': fallback shader 'Particles/Alpha Blended' not found
Shader 'WFX/Transparent Diffuse': fallback shader 'Particles/Alpha Blended' not found
Refreshing native plugins compatible for Editor in 0.36 ms, found 0 plugins.
Preloading 0 native plugins for Editor in 0.00 ms.
Unloading 1526 Unused Serialized files (Serialized files now loaded: 0)
System memory in use before: 80.7 MB.
System memory in use after: 80.8 MB.

Unloading 6 unused Assets to reduce memory usage. Loaded Objects now: 2012.
Total: 2.941400 ms (FindLiveObjects: 0.273900 ms CreateObjectMapping: 0.081800 ms MarkObjects: 2.492600 ms  DeleteObjects: 0.091600 ms)

========================================================================
Received Prepare
Registering precompiled user dll's ...
Registered in 0.010755 seconds.
Begin MonoManager ReloadAssembly
Native extension for WindowsStandalone target not found
Refreshing native plugins compatible for Editor in 0.59 ms, found 0 plugins.
Preloading 0 native plugins for Editor in 0.00 ms.
Invoked RoslynAnalysisRunner static constructor.
RoslynAnalysisRunner will not be running.
RoslynAnalysisRunner has terminated.
Mono: successfully reloaded assembly
- Completed reload, in  5.841 seconds
Platform modules already initialized, skipping
Shader 'WFX/Transparent Specular': fallback shader 'Particles/Alpha Blended' not found
Shader 'WFX/Transparent Diffuse': fallback shader 'Particles/Alpha Blended' not found
Refreshing native plugins compatible for Editor in 0.71 ms, found 0 plugins.
Preloading 0 native plugins for Editor in 0.00 ms.
Unloading 1526 Unused Serialized files (Serialized files now loaded: 0)
System memory in use before: 80.8 MB.
System memory in use after: 80.8 MB.

Unloading 6 unused Assets to reduce memory usage. Loaded Objects now: 2015.
Total: 20.278900 ms (FindLiveObjects: 7.767500 ms CreateObjectMapping: 4.665100 ms MarkObjects: 7.770100 ms  DeleteObjects: 0.071200 ms)

========================================================================
Received Prepare
Registering precompiled user dll's ...
Registered in 0.002559 seconds.
Begin MonoManager ReloadAssembly
Native extension for WindowsStandalone target not found
Refreshing native plugins compatible for Editor in 0.44 ms, found 0 plugins.
Preloading 0 native plugins for Editor in 0.00 ms.
Invoked RoslynAnalysisRunner static constructor.
RoslynAnalysisRunner will not be running.
RoslynAnalysisRunner has terminated.
Mono: successfully reloaded assembly
- Completed reload, in  1.784 seconds
Platform modules already initialized, skipping
Shader 'WFX/Transparent Specular': fallback shader 'Particles/Alpha Blended' not found
Shader 'WFX/Transparent Diffuse': fallback shader 'Particles/Alpha Blended' not found
Refreshing native plugins compatible for Editor in 0.42 ms, found 0 plugins.
Preloading 0 native plugins for Editor in 0.00 ms.
Unloading 1526 Unused Serialized files (Serialized files now loaded: 0)
System memory in use before: 80.8 MB.
System memory in use after: 80.8 MB.

Unloading 6 unused Assets to reduce memory usage. Loaded Objects now: 2018.
Total: 3.234300 ms (FindLiveObjects: 0.338800 ms CreateObjectMapping: 0.136200 ms MarkObjects: 2.643700 ms  DeleteObjects: 0.104600 ms)

========================================================================
Received Prepare
Registering precompiled user dll's ...
Registered in 0.001891 seconds.
Begin MonoManager ReloadAssembly
Native extension for WindowsStandalone target not found
Refreshing native plugins compatible for Editor in 0.36 ms, found 0 plugins.
Preloading 0 native plugins for Editor in 0.00 ms.
Invoked RoslynAnalysisRunner static constructor.
RoslynAnalysisRunner will not be running.
RoslynAnalysisRunner has terminated.
Mono: successfully reloaded assembly
- Completed reload, in  1.554 seconds
Platform modules already initialized, skipping
Shader 'WFX/Transparent Specular': fallback shader 'Particles/Alpha Blended' not found
Shader 'WFX/Transparent Diffuse': fallback shader 'Particles/Alpha Blended' not found
Refreshing native plugins compatible for Editor in 0.58 ms, found 0 plugins.
Preloading 0 native plugins for Editor in 0.00 ms.
Unloading 1526 Unused Serialized files (Serialized files now loaded: 0)
System memory in use before: 80.8 MB.
System memory in use after: 80.9 MB.

Unloading 6 unused Assets to reduce memory usage. Loaded Objects now: 2021.
Total: 3.437500 ms (FindLiveObjects: 0.315100 ms CreateObjectMapping: 0.085100 ms MarkObjects: 2.953300 ms  DeleteObjects: 0.081700 ms)

========================================================================
Received Import Request.
  Time since last request: 1872.756619 seconds.
  path: Assets/!Swat Model and animations/Animations/Original
  artifactKey: Guid(0a1815bbc0b32574bbe96dd5ce5cba22) Importer(815301076,1909f56bfc062723c751e8b465ee728b)
Start importing Assets/!Swat Model and animations/Animations/Original using Guid(0a1815bbc0b32574bbe96dd5ce5cba22) Importer(815301076,1909f56bfc062723c751e8b465ee728b)  -> (artifact id: '5aa28667beb7862799580fb0ed8716f4') in 0.031983 seconds
  Import took 0.038037 seconds .

========================================================================
Received Import Request.
  Time since last request: 5.429965 seconds.
  path: Assets/!Swat Model and animations/Animations/Original/Walk
  artifactKey: Guid(6acebd0aed3af6d4ea710346b2189073) Importer(815301076,1909f56bfc062723c751e8b465ee728b)
Start importing Assets/!Swat Model and animations/Animations/Original/Walk using Guid(6acebd0aed3af6d4ea710346b2189073) Importer(815301076,1909f56bfc062723c751e8b465ee728b)  -> (artifact id: '96f4f754ed719b86f10f3f914f6c3f83') in 0.013086 seconds
  Import took 0.024347 seconds .

========================================================================
Received Import Request.
  Time since last request: 6.997394 seconds.
  path: Assets/!Swat Model and animations/Animations/Original/swat@Walk Crouching Forward.fbx
  artifactKey: Guid(0466a09dbb2bece4399cd674e29a4e91) Importer(815301076,1909f56bfc062723c751e8b465ee728b)
Start importing Assets/!Swat Model and animations/Animations/Original/swat@Walk Crouching Forward.fbx using Guid(0466a09dbb2bece4399cd674e29a4e91) Importer(815301076,1909f56bfc062723c751e8b465ee728b)  -> (artifact id: 'ea953557a5339ce5d8b2f81a982be6ae') in 0.274932 seconds
  Import took 0.279749 seconds .

========================================================================
Received Import Request.
  Time since last request: 20.382105 seconds.
  path: Assets/!Swat Model and animations/Animations/Original/Crouch
  artifactKey: Guid(2eeecb211fd6aeb418b966ec15185bad) Importer(815301076,1909f56bfc062723c751e8b465ee728b)
Start importing Assets/!Swat Model and animations/Animations/Original/Crouch using Guid(2eeecb211fd6aeb418b966ec15185bad) Importer(815301076,1909f56bfc062723c751e8b465ee728b)  -> (artifact id: '0696fa73939a2d51f3a4686f4bba0266') in 0.014213 seconds
  Import took 0.024838 seconds .

========================================================================
Received Import Request.
  Time since last request: 13.079377 seconds.
  path: Assets/!Swat Model and animations/Animations/Original/Run
  artifactKey: Guid(3e159d300c678ee488e54d4824b34e1f) Importer(815301076,1909f56bfc062723c751e8b465ee728b)
Start importing Assets/!Swat Model and animations/Animations/Original/Run using Guid(3e159d300c678ee488e54d4824b34e1f) Importer(815301076,1909f56bfc062723c751e8b465ee728b)  -> (artifact id: 'c38bb657f93c86911c624490ea47c179') in 0.013456 seconds
  Import took 0.024303 seconds .

========================================================================
Received Import Request.
  Time since last request: 13.540769 seconds.
  path: Assets/!Swat Model and animations/Animations/Original/Aim
  artifactKey: Guid(a5ead142869379b40a14c22e15d9c0e3) Importer(815301076,1909f56bfc062723c751e8b465ee728b)
Start importing Assets/!Swat Model and animations/Animations/Original/Aim using Guid(a5ead142869379b40a14c22e15d9c0e3) Importer(815301076,1909f56bfc062723c751e8b465ee728b)  -> (artifact id: '0cc62d6f7029d2108d20c527204df0e1') in 0.014033 seconds
  Import took 0.024790 seconds .

========================================================================
Received Import Request.
  Time since last request: 13.504477 seconds.
  path: Assets/!Swat Model and animations/Animations/Original/Idle
  artifactKey: Guid(dd1277b2466a6aa4da981d83d18ff6b3) Importer(815301076,1909f56bfc062723c751e8b465ee728b)
Start importing Assets/!Swat Model and animations/Animations/Original/Idle using Guid(dd1277b2466a6aa4da981d83d18ff6b3) Importer(815301076,1909f56bfc062723c751e8b465ee728b)  -> (artifact id: 'cb4c03f65be7171c894d2dcc0541e444') in 0.013342 seconds
  Import took 0.024157 seconds .

========================================================================
Received Import Request.
  Time since last request: 18.404072 seconds.
  path: Assets/!Swat Model and animations/Animations/Original/Jump
  artifactKey: Guid(db9fc01cd07bc514db0709d3c85d5ede) Importer(815301076,1909f56bfc062723c751e8b465ee728b)
Start importing Assets/!Swat Model and animations/Animations/Original/Jump using Guid(db9fc01cd07bc514db0709d3c85d5ede) Importer(815301076,1909f56bfc062723c751e8b465ee728b)  -> (artifact id: 'e3604e341acfdbac3b24e7e2c5339f3c') in 0.069601 seconds
  Import took 0.079823 seconds .

========================================================================
Received Import Request.
  Time since last request: 11.662302 seconds.
  path: Assets/!Swat Model and animations/Animations/Original/Jump/swat@Jump Loop.fbx
  artifactKey: Guid(249f46a40f89a2c4fb5dc45aa94d7274) Importer(815301076,1909f56bfc062723c751e8b465ee728b)
Start importing Assets/!Swat Model and animations/Animations/Original/Jump/swat@Jump Loop.fbx using Guid(249f46a40f89a2c4fb5dc45aa94d7274) Importer(815301076,1909f56bfc062723c751e8b465ee728b)  -> (artifact id: 'e9850d6325b4bc962ef38977c9a9d5f7') in 0.020359 seconds
  Import took 0.032195 seconds .

========================================================================
Received Import Request.
  Time since last request: 0.500375 seconds.
  path: Assets/!Swat Model and animations/Animations/Original/Jump/swat@Jumping Up.fbx
  artifactKey: Guid(81fc22bb64737124b8b539ad12bbf56f) Importer(815301076,1909f56bfc062723c751e8b465ee728b)
Start importing Assets/!Swat Model and animations/Animations/Original/Jump/swat@Jumping Up.fbx using Guid(81fc22bb64737124b8b539ad12bbf56f) Importer(815301076,1909f56bfc062723c751e8b465ee728b)  -> (artifact id: '2a3f04dc082945d4c28860e34bdd1c7f') in 0.036827 seconds
  Import took 0.050138 seconds .

========================================================================
Received Import Request.
  Time since last request: 9.320978 seconds.
  path: Assets/!Swat Model and animations/Animations/Original/Jump/swat@Jumping Up.fbx
  artifactKey: Guid(81fc22bb64737124b8b539ad12bbf56f) Importer(815301076,1909f56bfc062723c751e8b465ee728b)
Start importing Assets/!Swat Model and animations/Animations/Original/Jump/swat@Jumping Up.fbx using Guid(81fc22bb64737124b8b539ad12bbf56f) Importer(815301076,1909f56bfc062723c751e8b465ee728b)  -> (artifact id: '8b1086690a29dfe977d814e8c9183140') in 0.046396 seconds
  Import took 0.117506 seconds .

========================================================================
Received Import Request.
  Time since last request: 1.650071 seconds.
  path: Assets/!Swat Model and animations/Animations/Original/Jump/swat@Jump Loop.fbx
  artifactKey: Guid(249f46a40f89a2c4fb5dc45aa94d7274) Importer(815301076,1909f56bfc062723c751e8b465ee728b)
Start importing Assets/!Swat Model and animations/Animations/Original/Jump/swat@Jump Loop.fbx using Guid(249f46a40f89a2c4fb5dc45aa94d7274) Importer(815301076,1909f56bfc062723c751e8b465ee728b)  -> (artifact id: '294196d084a3cbe5e5375bac0a0d629c') in 0.030977 seconds
  Import took 0.046184 seconds .

========================================================================
Received Import Request.
  Time since last request: 7.127325 seconds.
  path: Assets/!Swat Model and animations/Animations/Original/Jump/swat@Jump Loop.fbx
  artifactKey: Guid(249f46a40f89a2c4fb5dc45aa94d7274) Importer(815301076,1909f56bfc062723c751e8b465ee728b)
Start importing Assets/!Swat Model and animations/Animations/Original/Jump/swat@Jump Loop.fbx using Guid(249f46a40f89a2c4fb5dc45aa94d7274) Importer(815301076,1909f56bfc062723c751e8b465ee728b)  -> (artifact id: 'c175517022f1e45a27074cdd4a26a7c3') in 0.037820 seconds
  Import took 0.041912 seconds .

========================================================================
Received Import Request.
  Time since last request: 0.825872 seconds.
  path: Assets/!Swat Model and animations/Animations/Original/Jump/swat@Jumping Down.fbx
  artifactKey: Guid(f4a8f08f283428b49abec566291014db) Importer(815301076,1909f56bfc062723c751e8b465ee728b)
Start importing Assets/!Swat Model and animations/Animations/Original/Jump/swat@Jumping Down.fbx using Guid(f4a8f08f283428b49abec566291014db) Importer(815301076,1909f56bfc062723c751e8b465ee728b)  -> (artifact id: '294565e9603070db5472fb35a7243b02') in 0.038941 seconds
  Import took 0.043469 seconds .

========================================================================
Received Import Request.
  Time since last request: 4.225015 seconds.
  path: Assets/!Swat Model and animations/Animations/Original/Jump/swat@Jumping Down.fbx
  artifactKey: Guid(f4a8f08f283428b49abec566291014db) Importer(815301076,1909f56bfc062723c751e8b465ee728b)
Start importing Assets/!Swat Model and animations/Animations/Original/Jump/swat@Jumping Down.fbx using Guid(f4a8f08f283428b49abec566291014db) Importer(815301076,1909f56bfc062723c751e8b465ee728b)  -> (artifact id: '8cf173aac0a345456e5601b7a762626d') in 0.043063 seconds
  Import took 0.051654 seconds .

========================================================================
Received Import Request.
  Time since last request: 3.982589 seconds.
  path: Assets/!Swat Model and animations/Animations/Original/Jump/swat@Jumping Up.fbx
  artifactKey: Guid(81fc22bb64737124b8b539ad12bbf56f) Importer(815301076,1909f56bfc062723c751e8b465ee728b)
Start importing Assets/!Swat Model and animations/Animations/Original/Jump/swat@Jumping Up.fbx using Guid(81fc22bb64737124b8b539ad12bbf56f) Importer(815301076,1909f56bfc062723c751e8b465ee728b)  -> (artifact id: '65c0dcf6f2d634c0e9f7b1aac38b6413') in 0.013870 seconds
  Import took 0.018405 seconds .

========================================================================
Received Import Request.
  Time since last request: 4.831240 seconds.
  path: Assets/!Swat Model and animations/Animations/SwatAnimator.controller
  artifactKey: Guid(aacd31693a67b724da44ce16c92443a2) Importer(815301076,1909f56bfc062723c751e8b465ee728b)
Start importing Assets/!Swat Model and animations/Animations/SwatAnimator.controller using Guid(aacd31693a67b724da44ce16c92443a2) Importer(815301076,1909f56bfc062723c751e8b465ee728b)  -> (artifact id: 'e92450c72c68773b88950625e5ab5658') in 0.102887 seconds
  Import took 0.109420 seconds .

========================================================================
Received Import Request.
  Time since last request: 211.406477 seconds.
  path: Assets/!Swat Model and animations/Animations
  artifactKey: Guid(690f30e451796cc4a9e8c221131e1d98) Importer(815301076,1909f56bfc062723c751e8b465ee728b)
Start importing Assets/!Swat Model and animations/Animations using Guid(690f30e451796cc4a9e8c221131e1d98) Importer(815301076,1909f56bfc062723c751e8b465ee728b)  -> (artifact id: 'da14dc78ebce42fa03d570805512f33f') in 0.094567 seconds
  Import took 0.099378 seconds .

========================================================================
Received Prepare
Registering precompiled user dll's ...
Registered in 0.013317 seconds.
Begin MonoManager ReloadAssembly
Native extension for WindowsStandalone target not found
Refreshing native plugins compatible for Editor in 0.65 ms, found 0 plugins.
Preloading 0 native plugins for Editor in 0.00 ms.
Invoked RoslynAnalysisRunner static constructor.
RoslynAnalysisRunner will not be running.
RoslynAnalysisRunner has terminated.
Mono: successfully reloaded assembly
- Completed reload, in  2.229 seconds
Platform modules already initialized, skipping
Shader 'WFX/Transparent Specular': fallback shader 'Particles/Alpha Blended' not found
Shader 'WFX/Transparent Diffuse': fallback shader 'Particles/Alpha Blended' not found
Refreshing native plugins compatible for Editor in 1.91 ms, found 0 plugins.
Preloading 0 native plugins for Editor in 0.00 ms.
Unloading 1526 Unused Serialized files (Serialized files now loaded: 0)
System memory in use before: 81.0 MB.
System memory in use after: 81.0 MB.

Unloading 6 unused Assets to reduce memory usage. Loaded Objects now: 2024.
Total: 5.595600 ms (FindLiveObjects: 0.274200 ms CreateObjectMapping: 0.094300 ms MarkObjects: 5.098800 ms  DeleteObjects: 0.126300 ms)

========================================================================
Received Prepare
Registering precompiled user dll's ...
Registered in 0.001967 seconds.
Begin MonoManager ReloadAssembly
Native extension for WindowsStandalone target not found
Refreshing native plugins compatible for Editor in 0.49 ms, found 0 plugins.
Preloading 0 native plugins for Editor in 0.00 ms.
Invoked RoslynAnalysisRunner static constructor.
RoslynAnalysisRunner will not be running.
RoslynAnalysisRunner has terminated.
Mono: successfully reloaded assembly
- Completed reload, in  6.206 seconds
Platform modules already initialized, skipping
Shader 'WFX/Transparent Specular': fallback shader 'Particles/Alpha Blended' not found
Shader 'WFX/Transparent Diffuse': fallback shader 'Particles/Alpha Blended' not found
Refreshing native plugins compatible for Editor in 0.76 ms, found 0 plugins.
Preloading 0 native plugins for Editor in 0.00 ms.
Unloading 1526 Unused Serialized files (Serialized files now loaded: 0)
System memory in use before: 81.0 MB.
System memory in use after: 81.1 MB.

Unloading 6 unused Assets to reduce memory usage. Loaded Objects now: 2027.
Total: 30.146400 ms (FindLiveObjects: 3.401100 ms CreateObjectMapping: 1.173100 ms MarkObjects: 21.399600 ms  DeleteObjects: 4.165000 ms)

========================================================================
Received Prepare
Registering precompiled user dll's ...
Registered in 0.002844 seconds.
Begin MonoManager ReloadAssembly
Native extension for WindowsStandalone target not found
Refreshing native plugins compatible for Editor in 2.03 ms, found 0 plugins.
Preloading 0 native plugins for Editor in 0.00 ms.
Invoked RoslynAnalysisRunner static constructor.
RoslynAnalysisRunner will not be running.
RoslynAnalysisRunner has terminated.
Mono: successfully reloaded assembly
- Completed reload, in  3.244 seconds
Platform modules already initialized, skipping
Shader 'WFX/Transparent Specular': fallback shader 'Particles/Alpha Blended' not found
Shader 'WFX/Transparent Diffuse': fallback shader 'Particles/Alpha Blended' not found
Refreshing native plugins compatible for Editor in 0.41 ms, found 0 plugins.
Preloading 0 native plugins for Editor in 0.00 ms.
Unloading 1526 Unused Serialized files (Serialized files now loaded: 0)
System memory in use before: 81.0 MB.
System memory in use after: 81.1 MB.

Unloading 6 unused Assets to reduce memory usage. Loaded Objects now: 2030.
Total: 187.922900 ms (FindLiveObjects: 0.240500 ms CreateObjectMapping: 0.071800 ms MarkObjects: 187.471500 ms  DeleteObjects: 0.135400 ms)

========================================================================
Received Prepare
Registering precompiled user dll's ...
Registered in 0.007736 seconds.
Begin MonoManager ReloadAssembly
Native extension for WindowsStandalone target not found
Refreshing native plugins compatible for Editor in 0.39 ms, found 0 plugins.
Preloading 0 native plugins for Editor in 0.00 ms.
Invoked RoslynAnalysisRunner static constructor.
RoslynAnalysisRunner will not be running.
RoslynAnalysisRunner has terminated.
Mono: successfully reloaded assembly
- Completed reload, in  3.108 seconds
Platform modules already initialized, skipping
Shader 'WFX/Transparent Specular': fallback shader 'Particles/Alpha Blended' not found
Shader 'WFX/Transparent Diffuse': fallback shader 'Particles/Alpha Blended' not found
Refreshing native plugins compatible for Editor in 0.83 ms, found 0 plugins.
Preloading 0 native plugins for Editor in 0.00 ms.
Unloading 1526 Unused Serialized files (Serialized files now loaded: 0)
System memory in use before: 81.0 MB.
System memory in use after: 81.1 MB.

Unloading 6 unused Assets to reduce memory usage. Loaded Objects now: 2033.
Total: 6.000400 ms (FindLiveObjects: 2.725500 ms CreateObjectMapping: 0.270800 ms MarkObjects: 2.917200 ms  DeleteObjects: 0.084500 ms)

========================================================================
Received Prepare
Registering precompiled user dll's ...
Registered in 0.002353 seconds.
Begin MonoManager ReloadAssembly
Native extension for WindowsStandalone target not found
Refreshing native plugins compatible for Editor in 0.44 ms, found 0 plugins.
Preloading 0 native plugins for Editor in 0.00 ms.
Invoked RoslynAnalysisRunner static constructor.
RoslynAnalysisRunner will not be running.
RoslynAnalysisRunner has terminated.
Mono: successfully reloaded assembly
- Completed reload, in  3.716 seconds
Platform modules already initialized, skipping
Shader 'WFX/Transparent Specular': fallback shader 'Particles/Alpha Blended' not found
Shader 'WFX/Transparent Diffuse': fallback shader 'Particles/Alpha Blended' not found
Refreshing native plugins compatible for Editor in 0.78 ms, found 0 plugins.
Preloading 0 native plugins for Editor in 0.00 ms.
Unloading 1526 Unused Serialized files (Serialized files now loaded: 0)
System memory in use before: 81.0 MB.
System memory in use after: 81.1 MB.

Unloading 6 unused Assets to reduce memory usage. Loaded Objects now: 2036.
Total: 18.783200 ms (FindLiveObjects: 2.695200 ms CreateObjectMapping: 3.551100 ms MarkObjects: 12.299300 ms  DeleteObjects: 0.233200 ms)

========================================================================
Received Prepare
Registering precompiled user dll's ...
Registered in 0.001919 seconds.
Begin MonoManager ReloadAssembly
Native extension for WindowsStandalone target not found
Refreshing native plugins compatible for Editor in 0.42 ms, found 0 plugins.
Preloading 0 native plugins for Editor in 0.00 ms.
Invoked RoslynAnalysisRunner static constructor.
RoslynAnalysisRunner will not be running.
RoslynAnalysisRunner has terminated.
Mono: successfully reloaded assembly
- Completed reload, in  2.757 seconds
Platform modules already initialized, skipping
Shader 'WFX/Transparent Specular': fallback shader 'Particles/Alpha Blended' not found
Shader 'WFX/Transparent Diffuse': fallback shader 'Particles/Alpha Blended' not found
Refreshing native plugins compatible for Editor in 0.43 ms, found 0 plugins.
Preloading 0 native plugins for Editor in 0.00 ms.
Unloading 1526 Unused Serialized files (Serialized files now loaded: 0)
System memory in use before: 81.0 MB.
System memory in use after: 81.1 MB.

Unloading 6 unused Assets to reduce memory usage. Loaded Objects now: 2039.
Total: 5.922700 ms (FindLiveObjects: 0.449100 ms CreateObjectMapping: 0.124400 ms MarkObjects: 5.252500 ms  DeleteObjects: 0.095000 ms)

========================================================================
Received Prepare
Registering precompiled user dll's ...
Registered in 0.002319 seconds.
Begin MonoManager ReloadAssembly
Native extension for WindowsStandalone target not found
Refreshing native plugins compatible for Editor in 0.41 ms, found 0 plugins.
Preloading 0 native plugins for Editor in 0.00 ms.
Invoked RoslynAnalysisRunner static constructor.
RoslynAnalysisRunner will not be running.
RoslynAnalysisRunner has terminated.
Mono: successfully reloaded assembly
- Completed reload, in  2.656 seconds
Platform modules already initialized, skipping
Shader 'WFX/Transparent Specular': fallback shader 'Particles/Alpha Blended' not found
Shader 'WFX/Transparent Diffuse': fallback shader 'Particles/Alpha Blended' not found
Refreshing native plugins compatible for Editor in 4.40 ms, found 0 plugins.
Preloading 0 native plugins for Editor in 0.00 ms.
Unloading 1526 Unused Serialized files (Serialized files now loaded: 0)
System memory in use before: 81.0 MB.
System memory in use after: 81.1 MB.

Unloading 6 unused Assets to reduce memory usage. Loaded Objects now: 2042.
Total: 17.949900 ms (FindLiveObjects: 8.076500 ms CreateObjectMapping: 2.307100 ms MarkObjects: 7.472700 ms  DeleteObjects: 0.088500 ms)

========================================================================
Received Prepare
Registering precompiled user dll's ...
Registered in 0.001870 seconds.
Begin MonoManager ReloadAssembly
Native extension for WindowsStandalone target not found
Refreshing native plugins compatible for Editor in 1.95 ms, found 0 plugins.
Preloading 0 native plugins for Editor in 0.00 ms.
Invoked RoslynAnalysisRunner static constructor.
RoslynAnalysisRunner will not be running.
RoslynAnalysisRunner has terminated.
Mono: successfully reloaded assembly
- Completed reload, in  5.866 seconds
Platform modules already initialized, skipping
Shader 'WFX/Transparent Specular': fallback shader 'Particles/Alpha Blended' not found
Shader 'WFX/Transparent Diffuse': fallback shader 'Particles/Alpha Blended' not found
Refreshing native plugins compatible for Editor in 0.67 ms, found 0 plugins.
Preloading 0 native plugins for Editor in 0.00 ms.
Unloading 1526 Unused Serialized files (Serialized files now loaded: 0)
System memory in use before: 81.0 MB.
System memory in use after: 81.1 MB.

Unloading 6 unused Assets to reduce memory usage. Loaded Objects now: 2045.
Total: 26.028900 ms (FindLiveObjects: 5.492000 ms CreateObjectMapping: 2.853000 ms MarkObjects: 17.344200 ms  DeleteObjects: 0.333300 ms)

========================================================================
Received Prepare
Registering precompiled user dll's ...
Registered in 0.002696 seconds.
Begin MonoManager ReloadAssembly
Native extension for WindowsStandalone target not found
Refreshing native plugins compatible for Editor in 0.77 ms, found 0 plugins.
Preloading 0 native plugins for Editor in 0.00 ms.
Invoked RoslynAnalysisRunner static constructor.
RoslynAnalysisRunner will not be running.
RoslynAnalysisRunner has terminated.
Mono: successfully reloaded assembly
- Completed reload, in  2.906 seconds
Platform modules already initialized, skipping
Shader 'WFX/Transparent Specular': fallback shader 'Particles/Alpha Blended' not found
Shader 'WFX/Transparent Diffuse': fallback shader 'Particles/Alpha Blended' not found
Refreshing native plugins compatible for Editor in 0.44 ms, found 0 plugins.
Preloading 0 native plugins for Editor in 0.00 ms.
Unloading 1526 Unused Serialized files (Serialized files now loaded: 0)
System memory in use before: 81.0 MB.
System memory in use after: 81.1 MB.

Unloading 6 unused Assets to reduce memory usage. Loaded Objects now: 2048.
Total: 5.703500 ms (FindLiveObjects: 0.415600 ms CreateObjectMapping: 0.129100 ms MarkObjects: 4.826400 ms  DeleteObjects: 0.328300 ms)

========================================================================
Received Import Request.
  Time since last request: 1461.455279 seconds.
  path: Assets/!Swat Model and animations/Animations/Original/Jump/swat@Jumping Down.fbx
  artifactKey: Guid(f4a8f08f283428b49abec566291014db) Importer(815301076,1909f56bfc062723c751e8b465ee728b)
Start importing Assets/!Swat Model and animations/Animations/Original/Jump/swat@Jumping Down.fbx using Guid(f4a8f08f283428b49abec566291014db) Importer(815301076,1909f56bfc062723c751e8b465ee728b)  -> (artifact id: '9ce79e9acd9b555e4db92680f1d323f3') in 1.303317 seconds
  Import took 1.442911 seconds .

========================================================================
Received Import Request.
  Time since last request: 0.504434 seconds.
  path: Assets/!Swat Model and animations/Animations/Original/Jump/swat@Jumping Down.fbx
  artifactKey: Guid(f4a8f08f283428b49abec566291014db) Importer(815301076,1909f56bfc062723c751e8b465ee728b)
Start importing Assets/!Swat Model and animations/Animations/Original/Jump/swat@Jumping Down.fbx using Guid(f4a8f08f283428b49abec566291014db) Importer(815301076,1909f56bfc062723c751e8b465ee728b)  -> (artifact id: '9ce79e9acd9b555e4db92680f1d323f3') in 0.018075 seconds
  Import took 0.030915 seconds .

========================================================================
Received Prepare
Registering precompiled user dll's ...
Registered in 0.002452 seconds.
Begin MonoManager ReloadAssembly
Native extension for WindowsStandalone target not found
Refreshing native plugins compatible for Editor in 0.65 ms, found 0 plugins.
Preloading 0 native plugins for Editor in 0.00 ms.
Invoked RoslynAnalysisRunner static constructor.
RoslynAnalysisRunner will not be running.
RoslynAnalysisRunner has terminated.
Mono: successfully reloaded assembly
- Completed reload, in 15.761 seconds
Platform modules already initialized, skipping
Shader 'WFX/Transparent Specular': fallback shader 'Particles/Alpha Blended' not found
Shader 'WFX/Transparent Diffuse': fallback shader 'Particles/Alpha Blended' not found
Refreshing native plugins compatible for Editor in 4.19 ms, found 0 plugins.
Preloading 0 native plugins for Editor in 0.00 ms.
Unloading 1526 Unused Serialized files (Serialized files now loaded: 0)
System memory in use before: 81.0 MB.
System memory in use after: 81.1 MB.

Unloading 6 unused Assets to reduce memory usage. Loaded Objects now: 2051.
Total: 8.823300 ms (FindLiveObjects: 0.493600 ms CreateObjectMapping: 0.132100 ms MarkObjects: 7.614500 ms  DeleteObjects: 0.569000 ms)

========================================================================
Received Prepare
Registering precompiled user dll's ...
Registered in 0.006482 seconds.
Begin MonoManager ReloadAssembly
Native extension for WindowsStandalone target not found
Refreshing native plugins compatible for Editor in 3.39 ms, found 0 plugins.
Preloading 0 native plugins for Editor in 0.00 ms.
Invoked RoslynAnalysisRunner static constructor.
RoslynAnalysisRunner will not be running.
RoslynAnalysisRunner has terminated.
Mono: successfully reloaded assembly
- Completed reload, in  5.867 seconds
Platform modules already initialized, skipping
Shader 'WFX/Transparent Specular': fallback shader 'Particles/Alpha Blended' not found
Shader 'WFX/Transparent Diffuse': fallback shader 'Particles/Alpha Blended' not found
Refreshing native plugins compatible for Editor in 7.98 ms, found 0 plugins.
Preloading 0 native plugins for Editor in 0.00 ms.
Unloading 1526 Unused Serialized files (Serialized files now loaded: 0)
System memory in use before: 81.0 MB.
System memory in use after: 81.1 MB.

Unloading 6 unused Assets to reduce memory usage. Loaded Objects now: 2054.
Total: 10.033200 ms (FindLiveObjects: 1.091100 ms CreateObjectMapping: 0.135000 ms MarkObjects: 8.642200 ms  DeleteObjects: 0.161700 ms)

========================================================================
Received Import Request.
  Time since last request: 85.092333 seconds.
  path: Assets/!Swat Model and animations/Animations/Original/Jump/swat@Jumping Down.fbx
  artifactKey: Guid(f4a8f08f283428b49abec566291014db) Importer(815301076,1909f56bfc062723c751e8b465ee728b)
Start importing Assets/!Swat Model and animations/Animations/Original/Jump/swat@Jumping Down.fbx using Guid(f4a8f08f283428b49abec566291014db) Importer(815301076,1909f56bfc062723c751e8b465ee728b)  -> (artifact id: '6685799c1ce4817d9760a29a30d9df87') in 1.078230 seconds
  Import took 1.349144 seconds .

========================================================================
Received Import Request.
  Time since last request: 20.177877 seconds.
  path: Assets/!Swat Model and animations/Animations/Original/Jump/swat@Jumping Down.fbx
  artifactKey: Guid(f4a8f08f283428b49abec566291014db) Importer(815301076,1909f56bfc062723c751e8b465ee728b)
Start importing Assets/!Swat Model and animations/Animations/Original/Jump/swat@Jumping Down.fbx using Guid(f4a8f08f283428b49abec566291014db) Importer(815301076,1909f56bfc062723c751e8b465ee728b)  -> (artifact id: 'e565a67a191edaab0a5c05623a05793d') in 1.875959 seconds
  Import took 2.068446 seconds .

========================================================================
Received Prepare
Registering precompiled user dll's ...
Registered in 0.003607 seconds.
Begin MonoManager ReloadAssembly
Native extension for WindowsStandalone target not found
Refreshing native plugins compatible for Editor in 0.41 ms, found 0 plugins.
Preloading 0 native plugins for Editor in 0.00 ms.
Invoked RoslynAnalysisRunner static constructor.
RoslynAnalysisRunner will not be running.
RoslynAnalysisRunner has terminated.
Mono: successfully reloaded assembly
- Completed reload, in  2.089 seconds
Platform modules already initialized, skipping
Shader 'WFX/Transparent Specular': fallback shader 'Particles/Alpha Blended' not found
Shader 'WFX/Transparent Diffuse': fallback shader 'Particles/Alpha Blended' not found
Refreshing native plugins compatible for Editor in 0.42 ms, found 0 plugins.
Preloading 0 native plugins for Editor in 0.00 ms.
Unloading 1526 Unused Serialized files (Serialized files now loaded: 0)
System memory in use before: 81.0 MB.
System memory in use after: 81.1 MB.

Unloading 6 unused Assets to reduce memory usage. Loaded Objects now: 2057.
Total: 3.156100 ms (FindLiveObjects: 0.244800 ms CreateObjectMapping: 0.064400 ms MarkObjects: 2.727500 ms  DeleteObjects: 0.118200 ms)

========================================================================
Received Import Request.
  Time since last request: 509.614233 seconds.
  path: Assets/FPS/Sounds/Cars
  artifactKey: Guid(cd9a53071768e3a4e9d6187f60b99beb) Importer(815301076,1909f56bfc062723c751e8b465ee728b)
Start importing Assets/FPS/Sounds/Cars using Guid(cd9a53071768e3a4e9d6187f60b99beb) Importer(815301076,1909f56bfc062723c751e8b465ee728b)  -> (artifact id: '509975d5fd3c06ef70d970f28ef83db1') in 0.040998 seconds
  Import took 0.046048 seconds .

========================================================================
Received Import Request.
  Time since last request: 1181.701524 seconds.
  path: Assets/FPS/Audio/Jump
  artifactKey: Guid(91dd08ead8a284f45a726770b3d9a824) Importer(815301076,1909f56bfc062723c751e8b465ee728b)
Start importing Assets/FPS/Audio/Jump using Guid(91dd08ead8a284f45a726770b3d9a824) Importer(815301076,1909f56bfc062723c751e8b465ee728b)  -> (artifact id: 'b113de7d968c56b7da85a570cfd5f080') in 0.017262 seconds
  Import took 0.029414 seconds .

========================================================================
Received Prepare
Registering precompiled user dll's ...
Registered in 0.001796 seconds.
Begin MonoManager ReloadAssembly
Native extension for WindowsStandalone target not found
Refreshing native plugins compatible for Editor in 0.43 ms, found 0 plugins.
Preloading 0 native plugins for Editor in 0.00 ms.
Invoked RoslynAnalysisRunner static constructor.
RoslynAnalysisRunner will not be running.
RoslynAnalysisRunner has terminated.
Mono: successfully reloaded assembly
- Completed reload, in  1.345 seconds
Platform modules already initialized, skipping
Shader 'WFX/Transparent Specular': fallback shader 'Particles/Alpha Blended' not found
Shader 'WFX/Transparent Diffuse': fallback shader 'Particles/Alpha Blended' not found
Refreshing native plugins compatible for Editor in 0.43 ms, found 0 plugins.
Preloading 0 native plugins for Editor in 0.00 ms.
Unloading 1526 Unused Serialized files (Serialized files now loaded: 0)
System memory in use before: 81.0 MB.
System memory in use after: 81.1 MB.

Unloading 6 unused Assets to reduce memory usage. Loaded Objects now: 2060.
Total: 4.348600 ms (FindLiveObjects: 0.318900 ms CreateObjectMapping: 0.125300 ms MarkObjects: 3.818200 ms  DeleteObjects: 0.084400 ms)

========================================================================
Received Prepare
Registering precompiled user dll's ...
Registered in 0.007021 seconds.
Begin MonoManager ReloadAssembly
Native extension for WindowsStandalone target not found
Refreshing native plugins compatible for Editor in 0.38 ms, found 0 plugins.
Preloading 0 native plugins for Editor in 0.00 ms.
Invoked RoslynAnalysisRunner static constructor.
RoslynAnalysisRunner will not be running.
RoslynAnalysisRunner has terminated.
Mono: successfully reloaded assembly
- Completed reload, in  1.521 seconds
Platform modules already initialized, skipping
Shader 'WFX/Transparent Specular': fallback shader 'Particles/Alpha Blended' not found
Shader 'WFX/Transparent Diffuse': fallback shader 'Particles/Alpha Blended' not found
Refreshing native plugins compatible for Editor in 0.40 ms, found 0 plugins.
Preloading 0 native plugins for Editor in 0.00 ms.
Unloading 1526 Unused Serialized files (Serialized files now loaded: 0)
System memory in use before: 81.0 MB.
System memory in use after: 81.1 MB.

Unloading 6 unused Assets to reduce memory usage. Loaded Objects now: 2063.
Total: 4.064300 ms (FindLiveObjects: 0.597000 ms CreateObjectMapping: 0.135700 ms MarkObjects: 3.235300 ms  DeleteObjects: 0.094300 ms)

========================================================================
Received Import Request.
  Time since last request: 274.175347 seconds.
  path: Assets/!Swat Model and animations/Animations/Original/Jump/swat@Jumping Up.fbx
  artifactKey: Guid(81fc22bb64737124b8b539ad12bbf56f) Importer(815301076,1909f56bfc062723c751e8b465ee728b)
Start importing Assets/!Swat Model and animations/Animations/Original/Jump/swat@Jumping Up.fbx using Guid(81fc22bb64737124b8b539ad12bbf56f) Importer(815301076,1909f56bfc062723c751e8b465ee728b)  -> (artifact id: '0e5b6bd1aeec8c004b8c702ce770f66e') in 0.067964 seconds
  Import took 0.080868 seconds .

========================================================================
Received Prepare
Registering precompiled user dll's ...
Registered in 0.002689 seconds.
Begin MonoManager ReloadAssembly
Native extension for WindowsStandalone target not found
Refreshing native plugins compatible for Editor in 0.67 ms, found 0 plugins.
Preloading 0 native plugins for Editor in 0.00 ms.
Invoked RoslynAnalysisRunner static constructor.
RoslynAnalysisRunner will not be running.
RoslynAnalysisRunner has terminated.
Mono: successfully reloaded assembly
- Completed reload, in  3.746 seconds
Platform modules already initialized, skipping
Shader 'WFX/Transparent Specular': fallback shader 'Particles/Alpha Blended' not found
Shader 'WFX/Transparent Diffuse': fallback shader 'Particles/Alpha Blended' not found
Refreshing native plugins compatible for Editor in 4.92 ms, found 0 plugins.
Preloading 0 native plugins for Editor in 0.00 ms.
Unloading 1526 Unused Serialized files (Serialized files now loaded: 0)
System memory in use before: 81.1 MB.
System memory in use after: 81.1 MB.

Unloading 6 unused Assets to reduce memory usage. Loaded Objects now: 2066.
Total: 10.246100 ms (FindLiveObjects: 1.046900 ms CreateObjectMapping: 0.318900 ms MarkObjects: 4.256900 ms  DeleteObjects: 4.618600 ms)

========================================================================
Received Import Request.
  Time since last request: 59.459360 seconds.
  path: Assets/!Swat Model and animations/Animations/Original/Jump/swat@Jumping Up.fbx
  artifactKey: Guid(81fc22bb64737124b8b539ad12bbf56f) Importer(815301076,1909f56bfc062723c751e8b465ee728b)
Start importing Assets/!Swat Model and animations/Animations/Original/Jump/swat@Jumping Up.fbx using Guid(81fc22bb64737124b8b539ad12bbf56f) Importer(815301076,1909f56bfc062723c751e8b465ee728b)  -> (artifact id: '8aa6a5dccc0455feba69ed2ab8b8c2d2') in 0.151207 seconds
  Import took 0.175270 seconds .

========================================================================
Received Import Request.
  Time since last request: 247.764047 seconds.
  path: Assets/Standard Assets/Characters/FirstPersonCharacter/Audio/Land.wav
  artifactKey: Guid(3b09d59f4499d45428baa7a21e954296) Importer(815301076,1909f56bfc062723c751e8b465ee728b)
Start importing Assets/Standard Assets/Characters/FirstPersonCharacter/Audio/Land.wav using Guid(3b09d59f4499d45428baa7a21e954296) Importer(815301076,1909f56bfc062723c751e8b465ee728b)  -> (artifact id: 'fdbb9dfaee042d8a09cdebd9e74a997b') in 0.175408 seconds
  Import took 0.180940 seconds .

========================================================================
Received Import Request.
  Time since last request: 0.633956 seconds.
  path: Assets/Standard Assets/Characters/FirstPersonCharacter/Audio/Jump.wav
  artifactKey: Guid(5897aeed9b676024fbb8c694b421a861) Importer(815301076,1909f56bfc062723c751e8b465ee728b)
Start importing Assets/Standard Assets/Characters/FirstPersonCharacter/Audio/Jump.wav using Guid(5897aeed9b676024fbb8c694b421a861) Importer(815301076,1909f56bfc062723c751e8b465ee728b)  -> (artifact id: 'ddfb9a41a0e1e5d2dccf1836401ba843') in 0.043951 seconds
  Import took 0.048592 seconds .

========================================================================
Received Import Request.
  Time since last request: 25.275738 seconds.
  path: Assets/Standard Assets
  artifactKey: Guid(c6195a43a0187a34e9c6be23520d3766) Importer(815301076,1909f56bfc062723c751e8b465ee728b)
Start importing Assets/Standard Assets using Guid(c6195a43a0187a34e9c6be23520d3766) Importer(815301076,1909f56bfc062723c751e8b465ee728b)  -> (artifact id: '48d46487ee7f346be8d85d28626f4640') in 0.035039 seconds
  Import took 0.046230 seconds .

========================================================================
Received Import Request.
  Time since last request: 9.081772 seconds.
  path: Assets/!GameData/Player Audio Settings/Player Audio Settings.asset
  artifactKey: Guid(3646ab6d736d6ed4f88f535f4291eb25) Importer(815301076,1909f56bfc062723c751e8b465ee728b)
Start importing Assets/!GameData/Player Audio Settings/Player Audio Settings.asset using Guid(3646ab6d736d6ed4f88f535f4291eb25) Importer(815301076,1909f56bfc062723c751e8b465ee728b)  -> (artifact id: 'b6084c23b49de2ade1058e97a15e969e') in 0.071390 seconds
  Import took 0.075777 seconds .

========================================================================
Received Prepare
Registering precompiled user dll's ...
Registered in 0.002035 seconds.
Begin MonoManager ReloadAssembly
Native extension for WindowsStandalone target not found
Refreshing native plugins compatible for Editor in 0.49 ms, found 0 plugins.
Preloading 0 native plugins for Editor in 0.00 ms.
Invoked RoslynAnalysisRunner static constructor.
RoslynAnalysisRunner will not be running.
RoslynAnalysisRunner has terminated.
Mono: successfully reloaded assembly
- Completed reload, in  1.395 seconds
Platform modules already initialized, skipping
Shader 'WFX/Transparent Specular': fallback shader 'Particles/Alpha Blended' not found
Shader 'WFX/Transparent Diffuse': fallback shader 'Particles/Alpha Blended' not found
Refreshing native plugins compatible for Editor in 0.38 ms, found 0 plugins.
Preloading 0 native plugins for Editor in 0.00 ms.
Unloading 1526 Unused Serialized files (Serialized files now loaded: 0)
System memory in use before: 84.1 MB.
System memory in use after: 84.2 MB.

Unloading 6 unused Assets to reduce memory usage. Loaded Objects now: 2078.
Total: 3.150000 ms (FindLiveObjects: 0.222500 ms CreateObjectMapping: 0.070300 ms MarkObjects: 2.785900 ms  DeleteObjects: 0.069800 ms)

========================================================================
Received Import Request.
  Time since last request: 179.469243 seconds.
  path: Assets/!Swat Model and animations/Animations/Original/Jump/swat@Jumping Down.fbx
  artifactKey: Guid(f4a8f08f283428b49abec566291014db) Importer(815301076,1909f56bfc062723c751e8b465ee728b)
Start importing Assets/!Swat Model and animations/Animations/Original/Jump/swat@Jumping Down.fbx using Guid(f4a8f08f283428b49abec566291014db) Importer(815301076,1909f56bfc062723c751e8b465ee728b)  -> (artifact id: 'aa673dc5b41b7a8a3832fe3184bd9422') in 0.073890 seconds
  Import took 0.086242 seconds .

========================================================================
Received Prepare
Registering precompiled user dll's ...
Registered in 0.002081 seconds.
Begin MonoManager ReloadAssembly
Native extension for WindowsStandalone target not found
Refreshing native plugins compatible for Editor in 0.42 ms, found 0 plugins.
Preloading 0 native plugins for Editor in 0.00 ms.
Invoked RoslynAnalysisRunner static constructor.
RoslynAnalysisRunner will not be running.
RoslynAnalysisRunner has terminated.
Mono: successfully reloaded assembly
- Completed reload, in  3.538 seconds
Platform modules already initialized, skipping
Shader 'WFX/Transparent Specular': fallback shader 'Particles/Alpha Blended' not found
Shader 'WFX/Transparent Diffuse': fallback shader 'Particles/Alpha Blended' not found
Refreshing native plugins compatible for Editor in 0.42 ms, found 0 plugins.
Preloading 0 native plugins for Editor in 0.00 ms.
Unloading 1526 Unused Serialized files (Serialized files now loaded: 0)
System memory in use before: 84.1 MB.
System memory in use after: 84.2 MB.

Unloading 6 unused Assets to reduce memory usage. Loaded Objects now: 2081.
Total: 3.709800 ms (FindLiveObjects: 0.271000 ms CreateObjectMapping: 0.087800 ms MarkObjects: 3.249500 ms  DeleteObjects: 0.099600 ms)

========================================================================
Received Import Request.
  Time since last request: 40.651603 seconds.
  path: Assets/!Swat Model and animations/Animations/Original/Jump/swat@Jumping Up.fbx
  artifactKey: Guid(81fc22bb64737124b8b539ad12bbf56f) Importer(815301076,1909f56bfc062723c751e8b465ee728b)
Start importing Assets/!Swat Model and animations/Animations/Original/Jump/swat@Jumping Up.fbx using Guid(81fc22bb64737124b8b539ad12bbf56f) Importer(815301076,1909f56bfc062723c751e8b465ee728b)  -> (artifact id: '4860b0db1c203712b3f52c326259c1f6') in 0.079584 seconds
  Import took 0.086168 seconds .

========================================================================
Received Prepare
Registering precompiled user dll's ...
Registered in 0.002652 seconds.
Begin MonoManager ReloadAssembly
Native extension for WindowsStandalone target not found
Refreshing native plugins compatible for Editor in 1.59 ms, found 0 plugins.
Preloading 0 native plugins for Editor in 0.00 ms.
Invoked RoslynAnalysisRunner static constructor.
RoslynAnalysisRunner will not be running.
RoslynAnalysisRunner has terminated.
Mono: successfully reloaded assembly
- Completed reload, in  5.008 seconds
Platform modules already initialized, skipping
Shader 'WFX/Transparent Specular': fallback shader 'Particles/Alpha Blended' not found
Shader 'WFX/Transparent Diffuse': fallback shader 'Particles/Alpha Blended' not found
Refreshing native plugins compatible for Editor in 6.05 ms, found 0 plugins.
Preloading 0 native plugins for Editor in 0.00 ms.
Unloading 1526 Unused Serialized files (Serialized files now loaded: 0)
System memory in use before: 84.1 MB.
System memory in use after: 84.2 MB.

Unloading 6 unused Assets to reduce memory usage. Loaded Objects now: 2084.
Total: 19.654400 ms (FindLiveObjects: 10.595000 ms CreateObjectMapping: 4.654500 ms MarkObjects: 4.300000 ms  DeleteObjects: 0.101700 ms)

========================================================================
Received Import Request.
  Time since last request: 44.804559 seconds.
  path: Assets/!Swat Model and animations/Animations/SwatAnimator.controller
  artifactKey: Guid(aacd31693a67b724da44ce16c92443a2) Importer(815301076,1909f56bfc062723c751e8b465ee728b)
Start importing Assets/!Swat Model and animations/Animations/SwatAnimator.controller using Guid(aacd31693a67b724da44ce16c92443a2) Importer(815301076,1909f56bfc062723c751e8b465ee728b)  -> (artifact id: '77f2ef7ab547dd54be9326add4337065') in 0.853776 seconds
  Import took 0.879047 seconds .

========================================================================
Received Prepare
Registering precompiled user dll's ...
Registered in 0.001925 seconds.
Begin MonoManager ReloadAssembly
Native extension for WindowsStandalone target not found
Refreshing native plugins compatible for Editor in 0.38 ms, found 0 plugins.
Preloading 0 native plugins for Editor in 0.00 ms.
Invoked RoslynAnalysisRunner static constructor.
RoslynAnalysisRunner will not be running.
RoslynAnalysisRunner has terminated.
Mono: successfully reloaded assembly
- Completed reload, in  1.498 seconds
Platform modules already initialized, skipping
Shader 'WFX/Transparent Specular': fallback shader 'Particles/Alpha Blended' not found
Shader 'WFX/Transparent Diffuse': fallback shader 'Particles/Alpha Blended' not found
Refreshing native plugins compatible for Editor in 0.42 ms, found 0 plugins.
Preloading 0 native plugins for Editor in 0.00 ms.
Unloading 1526 Unused Serialized files (Serialized files now loaded: 0)
System memory in use before: 84.1 MB.
System memory in use after: 84.2 MB.

Unloading 6 unused Assets to reduce memory usage. Loaded Objects now: 2087.
Total: 3.442300 ms (FindLiveObjects: 0.236500 ms CreateObjectMapping: 0.065300 ms MarkObjects: 3.053200 ms  DeleteObjects: 0.085500 ms)

========================================================================
Received Import Request.
  Time since last request: 492.826829 seconds.
  path: Assets/FPS/Audio/Head Shot
  artifactKey: Guid(a7189b4fa85121241b3d5f4abfacc537) Importer(815301076,1909f56bfc062723c751e8b465ee728b)
Start importing Assets/FPS/Audio/Head Shot using Guid(a7189b4fa85121241b3d5f4abfacc537) Importer(815301076,1909f56bfc062723c751e8b465ee728b)  -> (artifact id: '953dfbbb8c1bdc5d1adf5b08c4788f37') in 0.018507 seconds
  Import took 0.029326 seconds .

========================================================================
Received Prepare
Shader 'WFX/Transparent Specular': fallback shader 'Particles/Alpha Blended' not found
Shader 'WFX/Transparent Diffuse': fallback shader 'Particles/Alpha Blended' not found
Refreshing native plugins compatible for Editor in 1.86 ms, found 0 plugins.
Preloading 0 native plugins for Editor in 0.00 ms.
Unloading 4 Unused Serialized files (Serialized files now loaded: 0)
System memory in use before: 53.9 MB.
System memory in use after: 54.0 MB.

Unloading 4 unused Assets to reduce memory usage. Loaded Objects now: 2087.
Total: 3.468300 ms (FindLiveObjects: 0.245700 ms CreateObjectMapping: 0.095000 ms MarkObjects: 3.042700 ms  DeleteObjects: 0.083500 ms)

========================================================================
Received Prepare
Shader 'WFX/Transparent Specular': fallback shader 'Particles/Alpha Blended' not found
Shader 'WFX/Transparent Diffuse': fallback shader 'Particles/Alpha Blended' not found
Refreshing native plugins compatible for Editor in 50.34 ms, found 0 plugins.
Preloading 0 native plugins for Editor in 0.00 ms.
Unloading 4 Unused Serialized files (Serialized files now loaded: 0)
System memory in use before: 53.9 MB.
System memory in use after: 54.0 MB.

Unloading 4 unused Assets to reduce memory usage. Loaded Objects now: 2087.
Total: 13.534900 ms (FindLiveObjects: 1.478400 ms CreateObjectMapping: 1.770300 ms MarkObjects: 10.134900 ms  DeleteObjects: 0.149100 ms)

========================================================================
Received Prepare
Registering precompiled user dll's ...
Registered in 0.005137 seconds.
Begin MonoManager ReloadAssembly
Native extension for WindowsStandalone target not found
Refreshing native plugins compatible for Editor in 0.91 ms, found 0 plugins.
Preloading 0 native plugins for Editor in 0.00 ms.
Invoked RoslynAnalysisRunner static constructor.
RoslynAnalysisRunner will not be running.
RoslynAnalysisRunner has terminated.
Mono: successfully reloaded assembly
- Completed reload, in  2.919 seconds
Platform modules already initialized, skipping
Shader 'WFX/Transparent Specular': fallback shader 'Particles/Alpha Blended' not found
Shader 'WFX/Transparent Diffuse': fallback shader 'Particles/Alpha Blended' not found
Refreshing native plugins compatible for Editor in 0.67 ms, found 0 plugins.
Preloading 0 native plugins for Editor in 0.00 ms.
Unloading 1526 Unused Serialized files (Serialized files now loaded: 0)
System memory in use before: 84.1 MB.
System memory in use after: 84.2 MB.

Unloading 6 unused Assets to reduce memory usage. Loaded Objects now: 2090.
Total: 7.366900 ms (FindLiveObjects: 1.129400 ms CreateObjectMapping: 0.300700 ms MarkObjects: 5.826500 ms  DeleteObjects: 0.106000 ms)

========================================================================
Received Prepare
Registering precompiled user dll's ...
Registered in 0.011424 seconds.
Begin MonoManager ReloadAssembly
Native extension for WindowsStandalone target not found
Refreshing native plugins compatible for Editor in 0.71 ms, found 0 plugins.
Preloading 0 native plugins for Editor in 0.00 ms.
Invoked RoslynAnalysisRunner static constructor.
RoslynAnalysisRunner will not be running.
RoslynAnalysisRunner has terminated.
Mono: successfully reloaded assembly
- Completed reload, in  2.542 seconds
Platform modules already initialized, skipping
Shader 'WFX/Transparent Specular': fallback shader 'Particles/Alpha Blended' not found
Shader 'WFX/Transparent Diffuse': fallback shader 'Particles/Alpha Blended' not found
Refreshing native plugins compatible for Editor in 0.49 ms, found 0 plugins.
Preloading 0 native plugins for Editor in 0.00 ms.
Unloading 1526 Unused Serialized files (Serialized files now loaded: 0)
System memory in use before: 84.1 MB.
System memory in use after: 84.2 MB.

Unloading 6 unused Assets to reduce memory usage. Loaded Objects now: 2093.
Total: 9.354300 ms (FindLiveObjects: 0.265400 ms CreateObjectMapping: 0.100600 ms MarkObjects: 8.883600 ms  DeleteObjects: 0.102900 ms)

========================================================================
Received Prepare
Registering precompiled user dll's ...
Registered in 0.001983 seconds.
Begin MonoManager ReloadAssembly
Native extension for WindowsStandalone target not found
Refreshing native plugins compatible for Editor in 0.42 ms, found 0 plugins.
Preloading 0 native plugins for Editor in 0.00 ms.
Invoked RoslynAnalysisRunner static constructor.
RoslynAnalysisRunner will not be running.
RoslynAnalysisRunner has terminated.
Mono: successfully reloaded assembly
- Completed reload, in  1.580 seconds
Platform modules already initialized, skipping
Shader 'WFX/Transparent Specular': fallback shader 'Particles/Alpha Blended' not found
Shader 'WFX/Transparent Diffuse': fallback shader 'Particles/Alpha Blended' not found
Refreshing native plugins compatible for Editor in 0.40 ms, found 0 plugins.
Preloading 0 native plugins for Editor in 0.00 ms.
Unloading 1526 Unused Serialized files (Serialized files now loaded: 0)
System memory in use before: 84.1 MB.
System memory in use after: 84.2 MB.

Unloading 6 unused Assets to reduce memory usage. Loaded Objects now: 2096.
Total: 3.130700 ms (FindLiveObjects: 0.300400 ms CreateObjectMapping: 0.088700 ms MarkObjects: 2.644300 ms  DeleteObjects: 0.096000 ms)

========================================================================
Received Prepare
Shader 'WFX/Transparent Specular': fallback shader 'Particles/Alpha Blended' not found
Shader 'WFX/Transparent Diffuse': fallback shader 'Particles/Alpha Blended' not found
Refreshing native plugins compatible for Editor in 1.66 ms, found 0 plugins.
Preloading 0 native plugins for Editor in 0.00 ms.
Unloading 4 Unused Serialized files (Serialized files now loaded: 0)
System memory in use before: 54.0 MB.
System memory in use after: 54.1 MB.

Unloading 4 unused Assets to reduce memory usage. Loaded Objects now: 2096.
Total: 3.895700 ms (FindLiveObjects: 0.401600 ms CreateObjectMapping: 0.091600 ms MarkObjects: 3.330700 ms  DeleteObjects: 0.070200 ms)

========================================================================
Received Prepare
Registering precompiled user dll's ...
Registered in 0.002738 seconds.
Begin MonoManager ReloadAssembly
Native extension for WindowsStandalone target not found
Refreshing native plugins compatible for Editor in 0.97 ms, found 0 plugins.
Preloading 0 native plugins for Editor in 0.00 ms.
Invoked RoslynAnalysisRunner static constructor.
RoslynAnalysisRunner will not be running.
RoslynAnalysisRunner has terminated.
Mono: successfully reloaded assembly
- Completed reload, in 60.328 seconds
Platform modules already initialized, skipping
Shader 'WFX/Transparent Specular': fallback shader 'Particles/Alpha Blended' not found
Shader 'WFX/Transparent Diffuse': fallback shader 'Particles/Alpha Blended' not found
Refreshing native plugins compatible for Editor in 0.91 ms, found 0 plugins.
Preloading 0 native plugins for Editor in 0.00 ms.
Unloading 1526 Unused Serialized files (Serialized files now loaded: 0)
System memory in use before: 84.1 MB.
System memory in use after: 84.2 MB.

Unloading 6 unused Assets to reduce memory usage. Loaded Objects now: 2099.
Total: 93.370200 ms (FindLiveObjects: 9.867900 ms CreateObjectMapping: 10.065500 ms MarkObjects: 73.327500 ms  DeleteObjects: 0.106800 ms)

========================================================================
Received Prepare
Registering precompiled user dll's ...
Registered in 0.002560 seconds.
Begin MonoManager ReloadAssembly
Native extension for WindowsStandalone target not found
Refreshing native plugins compatible for Editor in 1.54 ms, found 0 plugins.
Preloading 0 native plugins for Editor in 0.00 ms.
Invoked RoslynAnalysisRunner static constructor.
RoslynAnalysisRunner will not be running.
RoslynAnalysisRunner has terminated.
Mono: successfully reloaded assembly
- Completed reload, in  1.960 seconds
Platform modules already initialized, skipping
Shader 'WFX/Transparent Specular': fallback shader 'Particles/Alpha Blended' not found
Shader 'WFX/Transparent Diffuse': fallback shader 'Particles/Alpha Blended' not found
Refreshing native plugins compatible for Editor in 0.45 ms, found 0 plugins.
Preloading 0 native plugins for Editor in 0.00 ms.
Unloading 1526 Unused Serialized files (Serialized files now loaded: 0)
System memory in use before: 84.1 MB.
System memory in use after: 84.2 MB.

Unloading 6 unused Assets to reduce memory usage. Loaded Objects now: 2102.
Total: 5.301200 ms (FindLiveObjects: 0.326600 ms CreateObjectMapping: 0.097000 ms MarkObjects: 4.796300 ms  DeleteObjects: 0.079500 ms)

========================================================================
Received Prepare
Shader 'WFX/Transparent Specular': fallback shader 'Particles/Alpha Blended' not found
Shader 'WFX/Transparent Diffuse': fallback shader 'Particles/Alpha Blended' not found
Refreshing native plugins compatible for Editor in 3.45 ms, found 0 plugins.
Preloading 0 native plugins for Editor in 0.00 ms.
Unloading 4 Unused Serialized files (Serialized files now loaded: 0)
System memory in use before: 54.0 MB.
System memory in use after: 54.1 MB.

Unloading 4 unused Assets to reduce memory usage. Loaded Objects now: 2102.
Total: 2.894500 ms (FindLiveObjects: 0.274100 ms CreateObjectMapping: 0.089700 ms MarkObjects: 2.451100 ms  DeleteObjects: 0.077900 ms)

========================================================================
Received Prepare
Registering precompiled user dll's ...
Registered in 0.018639 seconds.
Begin MonoManager ReloadAssembly
Native extension for WindowsStandalone target not found
Refreshing native plugins compatible for Editor in 0.39 ms, found 0 plugins.
Preloading 0 native plugins for Editor in 0.00 ms.
Invoked RoslynAnalysisRunner static constructor.
RoslynAnalysisRunner will not be running.
RoslynAnalysisRunner has terminated.
Mono: successfully reloaded assembly
- Completed reload, in  5.886 seconds
Platform modules already initialized, skipping
Shader 'WFX/Transparent Specular': fallback shader 'Particles/Alpha Blended' not found
Shader 'WFX/Transparent Diffuse': fallback shader 'Particles/Alpha Blended' not found
Refreshing native plugins compatible for Editor in 4.05 ms, found 0 plugins.
Preloading 0 native plugins for Editor in 0.00 ms.
Unloading 1526 Unused Serialized files (Serialized files now loaded: 0)
System memory in use before: 84.1 MB.
System memory in use after: 84.2 MB.

Unloading 6 unused Assets to reduce memory usage. Loaded Objects now: 2105.
Total: 5.054500 ms (FindLiveObjects: 1.065400 ms CreateObjectMapping: 0.108600 ms MarkObjects: 3.785000 ms  DeleteObjects: 0.093600 ms)

========================================================================
Received Prepare
Registering precompiled user dll's ...
Registered in 0.002511 seconds.
Begin MonoManager ReloadAssembly
Native extension for WindowsStandalone target not found
Refreshing native plugins compatible for Editor in 0.37 ms, found 0 plugins.
Preloading 0 native plugins for Editor in 0.00 ms.
Invoked RoslynAnalysisRunner static constructor.
RoslynAnalysisRunner will not be running.
RoslynAnalysisRunner has terminated.
Mono: successfully reloaded assembly
- Completed reload, in  1.673 seconds
Platform modules already initialized, skipping
Shader 'WFX/Transparent Specular': fallback shader 'Particles/Alpha Blended' not found
Shader 'WFX/Transparent Diffuse': fallback shader 'Particles/Alpha Blended' not found
Refreshing native plugins compatible for Editor in 0.44 ms, found 0 plugins.
Preloading 0 native plugins for Editor in 0.00 ms.
Unloading 1526 Unused Serialized files (Serialized files now loaded: 0)
System memory in use before: 84.2 MB.
System memory in use after: 84.2 MB.

Unloading 6 unused Assets to reduce memory usage. Loaded Objects now: 2108.
Total: 2.906000 ms (FindLiveObjects: 0.257800 ms CreateObjectMapping: 0.073400 ms MarkObjects: 2.499900 ms  DeleteObjects: 0.073200 ms)

========================================================================
Received Prepare
Shader 'WFX/Transparent Diffuse': fallback shader 'Particles/Alpha Blended' not found
Shader 'WFX/Transparent Specular': fallback shader 'Particles/Alpha Blended' not found
Refreshing native plugins compatible for Editor in 1.84 ms, found 0 plugins.
Preloading 0 native plugins for Editor in 0.00 ms.
Unloading 4 Unused Serialized files (Serialized files now loaded: 0)
System memory in use before: 54.0 MB.
System memory in use after: 54.1 MB.

Unloading 4 unused Assets to reduce memory usage. Loaded Objects now: 2108.
Total: 3.974700 ms (FindLiveObjects: 0.731400 ms CreateObjectMapping: 0.116200 ms MarkObjects: 3.021800 ms  DeleteObjects: 0.103800 ms)

========================================================================
Received Prepare
Registering precompiled user dll's ...
Registered in 0.051117 seconds.
Begin MonoManager ReloadAssembly
Native extension for WindowsStandalone target not found
Refreshing native plugins compatible for Editor in 16.24 ms, found 0 plugins.
Preloading 0 native plugins for Editor in 0.00 ms.
Invoked RoslynAnalysisRunner static constructor.
RoslynAnalysisRunner will not be running.
RoslynAnalysisRunner has terminated.
Mono: successfully reloaded assembly
- Completed reload, in 80.993 seconds
Platform modules already initialized, skipping
Shader 'WFX/Transparent Diffuse': fallback shader 'Particles/Alpha Blended' not found
Shader 'WFX/Transparent Specular': fallback shader 'Particles/Alpha Blended' not found
Refreshing native plugins compatible for Editor in 0.55 ms, found 0 plugins.
Preloading 0 native plugins for Editor in 0.00 ms.
Unloading 1526 Unused Serialized files (Serialized files now loaded: 0)
System memory in use before: 84.2 MB.
System memory in use after: 84.3 MB.

Unloading 6 unused Assets to reduce memory usage. Loaded Objects now: 2111.
Total: 8.629200 ms (FindLiveObjects: 0.825700 ms CreateObjectMapping: 0.451400 ms MarkObjects: 7.262900 ms  DeleteObjects: 0.086700 ms)

========================================================================
Received Prepare
Registering precompiled user dll's ...
Registered in 0.002019 seconds.
Begin MonoManager ReloadAssembly
Native extension for WindowsStandalone target not found
Refreshing native plugins compatible for Editor in 0.74 ms, found 0 plugins.
Preloading 0 native plugins for Editor in 0.00 ms.
Invoked RoslynAnalysisRunner static constructor.
RoslynAnalysisRunner will not be running.
RoslynAnalysisRunner has terminated.
Mono: successfully reloaded assembly
- Completed reload, in  4.784 seconds
Platform modules already initialized, skipping
Shader 'WFX/Transparent Diffuse': fallback shader 'Particles/Alpha Blended' not found
Shader 'WFX/Transparent Specular': fallback shader 'Particles/Alpha Blended' not found
Refreshing native plugins compatible for Editor in 1.59 ms, found 0 plugins.
Preloading 0 native plugins for Editor in 0.00 ms.
Unloading 1526 Unused Serialized files (Serialized files now loaded: 0)
System memory in use before: 84.2 MB.
System memory in use after: 84.3 MB.

Unloading 6 unused Assets to reduce memory usage. Loaded Objects now: 2114.
Total: 8.744200 ms (FindLiveObjects: 1.046200 ms CreateObjectMapping: 2.274300 ms MarkObjects: 5.320800 ms  DeleteObjects: 0.100200 ms)

========================================================================
Received Prepare
Registering precompiled user dll's ...
Registered in 0.005220 seconds.
Begin MonoManager ReloadAssembly
Native extension for WindowsStandalone target not found
Refreshing native plugins compatible for Editor in 0.52 ms, found 0 plugins.
Preloading 0 native plugins for Editor in 0.00 ms.
Invoked RoslynAnalysisRunner static constructor.
RoslynAnalysisRunner will not be running.
RoslynAnalysisRunner has terminated.
Mono: successfully reloaded assembly
- Completed reload, in  2.680 seconds
Platform modules already initialized, skipping
Shader 'WFX/Transparent Diffuse': fallback shader 'Particles/Alpha Blended' not found
Shader 'WFX/Transparent Specular': fallback shader 'Particles/Alpha Blended' not found
Refreshing native plugins compatible for Editor in 1.71 ms, found 0 plugins.
Preloading 0 native plugins for Editor in 0.00 ms.
Unloading 1526 Unused Serialized files (Serialized files now loaded: 0)
System memory in use before: 84.2 MB.
System memory in use after: 84.3 MB.

Unloading 6 unused Assets to reduce memory usage. Loaded Objects now: 2117.
Total: 19.911600 ms (FindLiveObjects: 0.450500 ms CreateObjectMapping: 0.451100 ms MarkObjects: 18.738500 ms  DeleteObjects: 0.242300 ms)

========================================================================
Received Prepare
Registering precompiled user dll's ...
Registered in 0.003292 seconds.
Begin MonoManager ReloadAssembly
Native extension for WindowsStandalone target not found
Refreshing native plugins compatible for Editor in 0.62 ms, found 0 plugins.
Preloading 0 native plugins for Editor in 0.00 ms.
Invoked RoslynAnalysisRunner static constructor.
RoslynAnalysisRunner will not be running.
RoslynAnalysisRunner has terminated.
Mono: successfully reloaded assembly
- Completed reload, in  1.659 seconds
Platform modules already initialized, skipping
Shader 'WFX/Transparent Diffuse': fallback shader 'Particles/Alpha Blended' not found
Shader 'WFX/Transparent Specular': fallback shader 'Particles/Alpha Blended' not found
Refreshing native plugins compatible for Editor in 0.41 ms, found 0 plugins.
Preloading 0 native plugins for Editor in 0.00 ms.
Unloading 1526 Unused Serialized files (Serialized files now loaded: 0)
System memory in use before: 84.2 MB.
System memory in use after: 84.3 MB.

Unloading 6 unused Assets to reduce memory usage. Loaded Objects now: 2120.
Total: 3.793700 ms (FindLiveObjects: 0.354400 ms CreateObjectMapping: 0.242400 ms MarkObjects: 3.103700 ms  DeleteObjects: 0.088200 ms)

========================================================================
Received Prepare
Shader 'WFX/Transparent Diffuse': fallback shader 'Particles/Alpha Blended' not found
Shader 'WFX/Transparent Specular': fallback shader 'Particles/Alpha Blended' not found
Refreshing native plugins compatible for Editor in 1.83 ms, found 0 plugins.
Preloading 0 native plugins for Editor in 0.00 ms.
Unloading 4 Unused Serialized files (Serialized files now loaded: 0)
System memory in use before: 54.0 MB.
System memory in use after: 54.1 MB.

Unloading 4 unused Assets to reduce memory usage. Loaded Objects now: 2120.
Total: 2.905800 ms (FindLiveObjects: 0.259900 ms CreateObjectMapping: 0.103100 ms MarkObjects: 2.457700 ms  DeleteObjects: 0.083200 ms)

========================================================================
Received Prepare
Registering precompiled user dll's ...
Registered in 0.002450 seconds.
Begin MonoManager ReloadAssembly
Native extension for WindowsStandalone target not found
Refreshing native plugins compatible for Editor in 15.23 ms, found 0 plugins.
Preloading 0 native plugins for Editor in 0.00 ms.
Invoked RoslynAnalysisRunner static constructor.
RoslynAnalysisRunner will not be running.
RoslynAnalysisRunner has terminated.
Mono: successfully reloaded assembly
- Completed reload, in 14.501 seconds
Platform modules already initialized, skipping
Shader 'WFX/Transparent Diffuse': fallback shader 'Particles/Alpha Blended' not found
Shader 'WFX/Transparent Specular': fallback shader 'Particles/Alpha Blended' not found
Refreshing native plugins compatible for Editor in 2.32 ms, found 0 plugins.
Preloading 0 native plugins for Editor in 0.00 ms.
Unloading 1526 Unused Serialized files (Serialized files now loaded: 0)
System memory in use before: 84.2 MB.
System memory in use after: 84.3 MB.

Unloading 6 unused Assets to reduce memory usage. Loaded Objects now: 2123.
Total: 35.892800 ms (FindLiveObjects: 0.422000 ms CreateObjectMapping: 0.159500 ms MarkObjects: 35.194100 ms  DeleteObjects: 0.114800 ms)

AssetImportWorkerClient::OnTransportError - code=2 error=End of file
