Using pre-set license
Built from '2020.3/release' branch; Version is '2020.3.1f1 (77a89f25062f) revision 7841951'; Using compiler version '192528614'; Build Type 'Release'
OS: 'Windows 10 Home; OS build 19041.928; Version 2004; 64bit' Language: 'en' Physical Memory: 8054 MB
BatchMode: 1, IsHumanControllingUs: 0, StartBugReporterOnCrash: 0, Is64bit: 1, IsPro: 0

 COMMAND LINE ARGUMENTS:
C:\Program Files\Unity\Hub\Editor\2020.3.1f1\Editor\Unity.exe
-adb2
-batchMode
-noUpm
-name
AssetImportWorker0
-projectPath
C:/Users/andri/Desktop/MFPS/FPS Demo Client side
-logFile
Logs/AssetImportWorker0.log
-srvPort
53019
Successfully changed project path to: C:/Users/andri/Desktop/MFPS/FPS Demo Client side
C:/Users/andri/Desktop/MFPS/FPS Demo Client side
Using Asset Import Pipeline V2.
Refreshing native plugins compatible for Editor in 49.30 ms, found 0 plugins.
Preloading 0 native plugins for Editor in 0.00 ms.
Initialize engine version: 2020.3.1f1 (77a89f25062f)
[Subsystems] Discovering subsystems at path C:/Program Files/Unity/Hub/Editor/2020.3.1f1/Editor/Data/Resources/UnitySubsystems
[Subsystems] Discovering subsystems at path C:/Users/andri/Desktop/MFPS/FPS Demo Client side/Assets
GfxDevice: creating device client; threaded=0
Direct3D:
    Version:  Direct3D 11.0 [level 11.0]
    Renderer: NVIDIA GeForce GTX 960M (ID=0x139b)
    Vendor:   
    VRAM:     4055 MB
    Driver:   27.21.14.5771
Shader 'WFX/Transparent Specular': fallback shader 'Particles/Alpha Blended' not found
Shader 'WFX/Transparent Diffuse': fallback shader 'Particles/Alpha Blended' not found
Initialize mono
Mono path[0] = 'C:/Program Files/Unity/Hub/Editor/2020.3.1f1/Editor/Data/Managed'
Mono path[1] = 'C:/Program Files/Unity/Hub/Editor/2020.3.1f1/Editor/Data/MonoBleedingEdge/lib/mono/unityjit'
Mono config path = 'C:/Program Files/Unity/Hub/Editor/2020.3.1f1/Editor/Data/MonoBleedingEdge/etc'
Using monoOptions --debugger-agent=transport=dt_socket,embedding=1,server=y,suspend=n,address=127.0.0.1:56544
Begin MonoManager ReloadAssembly
Registering precompiled unity dll's ...
Register platform support module: C:/Program Files/Unity/Hub/Editor/2020.3.1f1/Editor/Data/PlaybackEngines/WindowsStandaloneSupport/UnityEditor.WindowsStandalone.Extensions.dll
Registered in 0.002966 seconds.
Native extension for WindowsStandalone target not found
Refreshing native plugins compatible for Editor in 47.52 ms, found 0 plugins.
Preloading 0 native plugins for Editor in 0.00 ms.
Invoked RoslynAnalysisRunner static constructor.
RoslynAnalysisRunner will not be running.
RoslynAnalysisRunner has terminated.
Mono: successfully reloaded assembly
- Completed reload, in  3.251 seconds
Platform modules already initialized, skipping
Registering precompiled user dll's ...
Registered in 0.002263 seconds.
Begin MonoManager ReloadAssembly
Native extension for WindowsStandalone target not found
Refreshing native plugins compatible for Editor in 0.39 ms, found 0 plugins.
Preloading 0 native plugins for Editor in 0.00 ms.
Invoked RoslynAnalysisRunner static constructor.
RoslynAnalysisRunner will not be running.
RoslynAnalysisRunner has terminated.
Mono: successfully reloaded assembly
- Completed reload, in  2.157 seconds
Platform modules already initialized, skipping
========================================================================
Worker process is ready to serve import requests
Shader 'WFX/Transparent Specular': fallback shader 'Particles/Alpha Blended' not found
Shader 'WFX/Transparent Diffuse': fallback shader 'Particles/Alpha Blended' not found
Launched and connected shader compiler UnityShaderCompiler.exe after 0.15 seconds
Refreshing native plugins compatible for Editor in 0.48 ms, found 0 plugins.
Preloading 0 native plugins for Editor in 0.00 ms.
Unloading 1558 Unused Serialized files (Serialized files now loaded: 0)
System memory in use before: 82.8 MB.
System memory in use after: 82.9 MB.

Unloading 11 unused Assets to reduce memory usage. Loaded Objects now: 2007.
Total: 3.232800 ms (FindLiveObjects: 0.397500 ms CreateObjectMapping: 0.328800 ms MarkObjects: 2.382000 ms  DeleteObjects: 0.122700 ms)

========================================================================
Received Import Request.
  path: Assets/FPS/Prefabs/Characters/CharacterDiedmodel
  artifactKey: Guid(0afdb3d041c97924db40553de8a0c340) Importer(815301076,1909f56bfc062723c751e8b465ee728b)
Start importing Assets/FPS/Prefabs/Characters/CharacterDiedmodel using Guid(0afdb3d041c97924db40553de8a0c340) Importer(815301076,1909f56bfc062723c751e8b465ee728b)  -> (artifact id: 'f1e304df191d5aff66042af06e2086c1') in 0.006508 seconds
  Import took 0.009895 seconds .

========================================================================
Received Import Request.
  Time since last request: 164.913389 seconds.
  path: Assets/!Swat Model and animations/Animations/Original/Death
  artifactKey: Guid(6fc40b1ef5f80ed4abe5b5111877288d) Importer(815301076,1909f56bfc062723c751e8b465ee728b)
Start importing Assets/!Swat Model and animations/Animations/Original/Death using Guid(6fc40b1ef5f80ed4abe5b5111877288d) Importer(815301076,1909f56bfc062723c751e8b465ee728b)  -> (artifact id: 'a916be3d3060b0eeb97734976b7839df') in 0.017136 seconds
  Import took 0.023126 seconds .

========================================================================
Received Import Request.
  Time since last request: 15.384889 seconds.
  path: Assets/!Swat Model and animations/Animations/Original/Death/swat@Death From Front Headshot.fbx
  artifactKey: Guid(0deae45cde8edbf48825b23fe397311e) Importer(815301076,1909f56bfc062723c751e8b465ee728b)
Start importing Assets/!Swat Model and animations/Animations/Original/Death/swat@Death From Front Headshot.fbx using Guid(0deae45cde8edbf48825b23fe397311e) Importer(815301076,1909f56bfc062723c751e8b465ee728b)  -> (artifact id: '31047610a26fd44e0603bf3b7047f676') in 0.497037 seconds
  Import took 0.506124 seconds .

========================================================================
Received Import Request.
  Time since last request: 0.000368 seconds.
  path: Assets/!Swat Model and animations/Animations/Original/Death/swat@Dying.fbx
  artifactKey: Guid(076abf744116cd540b16a505ecb084d5) Importer(815301076,1909f56bfc062723c751e8b465ee728b)
Start importing Assets/!Swat Model and animations/Animations/Original/Death/swat@Dying.fbx using Guid(076abf744116cd540b16a505ecb084d5) Importer(815301076,1909f56bfc062723c751e8b465ee728b)  -> (artifact id: '6c5b156ff4404cbfbdd87212314ffdb1') in 0.128847 seconds
  Import took 0.136585 seconds .

========================================================================
Received Import Request.
  Time since last request: 11.836016 seconds.
  path: Assets/!Swat Model and animations/Animations/Original/Death/swat@Dying.fbx
  artifactKey: Guid(076abf744116cd540b16a505ecb084d5) Importer(815301076,1909f56bfc062723c751e8b465ee728b)
Start importing Assets/!Swat Model and animations/Animations/Original/Death/swat@Dying.fbx using Guid(076abf744116cd540b16a505ecb084d5) Importer(815301076,1909f56bfc062723c751e8b465ee728b)  -> (artifact id: '55c7a9053db3003cb599dcf24d1283e1') in 0.182493 seconds
  Import took 0.196844 seconds .

========================================================================
Received Import Request.
  Time since last request: 1.105603 seconds.
  path: Assets/!Swat Model and animations/Animations/Original/Death/swat@Death From Front Headshot.fbx
  artifactKey: Guid(0deae45cde8edbf48825b23fe397311e) Importer(815301076,1909f56bfc062723c751e8b465ee728b)
Start importing Assets/!Swat Model and animations/Animations/Original/Death/swat@Death From Front Headshot.fbx using Guid(0deae45cde8edbf48825b23fe397311e) Importer(815301076,1909f56bfc062723c751e8b465ee728b)  -> (artifact id: 'ce57a245ead0389c560c3a812d500540') in 0.107164 seconds
  Import took 0.113780 seconds .

========================================================================
Received Import Request.
  Time since last request: 11.429588 seconds.
  path: Assets/!Swat Model and animations/Animations/Original/Death/swat@Death From Front Headshot.fbx
  artifactKey: Guid(0deae45cde8edbf48825b23fe397311e) Importer(815301076,1909f56bfc062723c751e8b465ee728b)
Start importing Assets/!Swat Model and animations/Animations/Original/Death/swat@Death From Front Headshot.fbx using Guid(0deae45cde8edbf48825b23fe397311e) Importer(815301076,1909f56bfc062723c751e8b465ee728b)  -> (artifact id: '58b3f5cab6e7bef126ae77f51d5880a7') in 0.140377 seconds
  Import took 0.147275 seconds .

========================================================================
Received Import Request.
  Time since last request: 7.315449 seconds.
  path: Assets/!Swat Model and animations/Animations/Original/Death/swat@Dying.fbx
  artifactKey: Guid(076abf744116cd540b16a505ecb084d5) Importer(815301076,1909f56bfc062723c751e8b465ee728b)
Start importing Assets/!Swat Model and animations/Animations/Original/Death/swat@Dying.fbx using Guid(076abf744116cd540b16a505ecb084d5) Importer(815301076,1909f56bfc062723c751e8b465ee728b)  -> (artifact id: '785cf23578b2d459628e9be78720d5bb') in 0.141291 seconds
  Import took 0.149032 seconds .

========================================================================
Received Prepare
Registering precompiled user dll's ...
Registered in 0.002657 seconds.
Begin MonoManager ReloadAssembly
Native extension for WindowsStandalone target not found
Refreshing native plugins compatible for Editor in 0.43 ms, found 0 plugins.
Preloading 0 native plugins for Editor in 0.00 ms.
Invoked RoslynAnalysisRunner static constructor.
RoslynAnalysisRunner will not be running.
RoslynAnalysisRunner has terminated.
Mono: successfully reloaded assembly
- Completed reload, in  1.544 seconds
Platform modules already initialized, skipping
Shader 'WFX/Transparent Specular': fallback shader 'Particles/Alpha Blended' not found
Shader 'WFX/Transparent Diffuse': fallback shader 'Particles/Alpha Blended' not found
Refreshing native plugins compatible for Editor in 0.40 ms, found 0 plugins.
Preloading 0 native plugins for Editor in 0.00 ms.
Unloading 1527 Unused Serialized files (Serialized files now loaded: 0)
System memory in use before: 98.3 MB.
System memory in use after: 98.4 MB.

Unloading 6 unused Assets to reduce memory usage. Loaded Objects now: 2054.
Total: 3.286500 ms (FindLiveObjects: 0.884500 ms CreateObjectMapping: 0.182600 ms MarkObjects: 2.142200 ms  DeleteObjects: 0.075900 ms)

========================================================================
Received Import Request.
  Time since last request: 395.829843 seconds.
  path: Assets/FPS/Prefabs/Characters/LocalPlayer.prefab
  artifactKey: Guid(a8b2f21d7de9bfc4cb6e904009cd5d95) Importer(815301076,1909f56bfc062723c751e8b465ee728b)
Start importing Assets/FPS/Prefabs/Characters/LocalPlayer.prefab using Guid(a8b2f21d7de9bfc4cb6e904009cd5d95) Importer(815301076,1909f56bfc062723c751e8b465ee728b)  -> (artifact id: '7a0267fc15173749fbc3f35cb83e6432') in 0.580426 seconds
  Import took 0.596260 seconds .

========================================================================
Received Import Request.
  Time since last request: 65.877244 seconds.
  path: Assets/!Swat Model and animations/Animations/Original/Death/DeathFromHeadShotAnimator.controller
  artifactKey: Guid(bedc186a08401284998c489bf78bac94) Importer(815301076,1909f56bfc062723c751e8b465ee728b)
Start importing Assets/!Swat Model and animations/Animations/Original/Death/DeathFromHeadShotAnimator.controller using Guid(bedc186a08401284998c489bf78bac94) Importer(815301076,1909f56bfc062723c751e8b465ee728b)  -> (artifact id: '2019d5cfb1bca8bc13e6d028d9be0d98') in 0.015903 seconds
  Import took 0.019605 seconds .

========================================================================
Received Import Request.
  Time since last request: 0.635713 seconds.
  path: Assets/!Swat Model and animations/Animations/Original/Death/DeathFromHeadShotAnimator 1.controller
  artifactKey: Guid(a0badf7491237c04d84b9646e0341d0a) Importer(815301076,1909f56bfc062723c751e8b465ee728b)
Start importing Assets/!Swat Model and animations/Animations/Original/Death/DeathFromHeadShotAnimator 1.controller using Guid(a0badf7491237c04d84b9646e0341d0a) Importer(815301076,1909f56bfc062723c751e8b465ee728b)  -> (artifact id: '3610d0f8a3a80acc75765a92c3615fe0') in 0.011565 seconds
  Import took 0.018480 seconds .

========================================================================
Received Import Request.
  Time since last request: 11.439778 seconds.
  path: Assets/!Swat Model and animations/Animations/Original/Death/DeathAnimator.controller
  artifactKey: Guid(a0badf7491237c04d84b9646e0341d0a) Importer(815301076,1909f56bfc062723c751e8b465ee728b)
Start importing Assets/!Swat Model and animations/Animations/Original/Death/DeathAnimator.controller using Guid(a0badf7491237c04d84b9646e0341d0a) Importer(815301076,1909f56bfc062723c751e8b465ee728b)  -> (artifact id: 'a902a00bf9c64cc0be32718e3faecdde') in 0.013718 seconds
  Import took 0.017781 seconds .

========================================================================
Received Import Request.
  Time since last request: 11.770162 seconds.
  path: Assets/!Swat Model and animations/Animations/Original/Death/DeathFromHeadShotAnimator.controller
  artifactKey: Guid(bedc186a08401284998c489bf78bac94) Importer(815301076,1909f56bfc062723c751e8b465ee728b)
Start importing Assets/!Swat Model and animations/Animations/Original/Death/DeathFromHeadShotAnimator.controller using Guid(bedc186a08401284998c489bf78bac94) Importer(815301076,1909f56bfc062723c751e8b465ee728b)  -> (artifact id: 'ab1fc6651e7276c4e9e3f4a2c9469bb6') in 0.055971 seconds
  Import took 0.065397 seconds .

========================================================================
Received Import Request.
  Time since last request: 6.764212 seconds.
  path: Assets/!Swat Model and animations/Animations/Original/Death/DeathAnimator.controller
  artifactKey: Guid(a0badf7491237c04d84b9646e0341d0a) Importer(815301076,1909f56bfc062723c751e8b465ee728b)
Start importing Assets/!Swat Model and animations/Animations/Original/Death/DeathAnimator.controller using Guid(a0badf7491237c04d84b9646e0341d0a) Importer(815301076,1909f56bfc062723c751e8b465ee728b)  -> (artifact id: '401e759bf35255fa745080ec3775e19f') in 0.014726 seconds
  Import took 0.020856 seconds .

========================================================================
Received Import Request.
  Time since last request: 12.778529 seconds.
  path: Assets/FPS/Prefabs/Characters/CharacterDiedmodel/swat@Dying.prefab
  artifactKey: Guid(eaedced68afbb574ab02643cb98b8e4b) Importer(815301076,1909f56bfc062723c751e8b465ee728b)
Start importing Assets/FPS/Prefabs/Characters/CharacterDiedmodel/swat@Dying.prefab using Guid(eaedced68afbb574ab02643cb98b8e4b) Importer(815301076,1909f56bfc062723c751e8b465ee728b)  -> (artifact id: '6308900a96e007b1f07823b16accd8e4') in 0.231736 seconds
  Import took 0.252205 seconds .

========================================================================
Received Import Request.
  Time since last request: 1.977196 seconds.
  path: Assets/FPS/Prefabs/Characters/CharacterDiedmodel/swat@Death From Front Headshot.prefab
  artifactKey: Guid(747df4833a17a4e47bc029e87a82b640) Importer(815301076,1909f56bfc062723c751e8b465ee728b)
Start importing Assets/FPS/Prefabs/Characters/CharacterDiedmodel/swat@Death From Front Headshot.prefab using Guid(747df4833a17a4e47bc029e87a82b640) Importer(815301076,1909f56bfc062723c751e8b465ee728b)  -> (artifact id: 'a9c0742355d7fefcfdec2b4aa64c5666') in 0.143023 seconds
  Import took 0.150180 seconds .

========================================================================
Received Import Request.
  Time since last request: 18.281313 seconds.
  path: Assets/FPS/Prefabs/Characters/LocalPlayer.prefab
  artifactKey: Guid(a8b2f21d7de9bfc4cb6e904009cd5d95) Importer(815301076,1909f56bfc062723c751e8b465ee728b)
Start importing Assets/FPS/Prefabs/Characters/LocalPlayer.prefab using Guid(a8b2f21d7de9bfc4cb6e904009cd5d95) Importer(815301076,1909f56bfc062723c751e8b465ee728b)  -> (artifact id: '3fe204b4b62ca16eaa825a2a784faa1e') in 0.274329 seconds
  Import took 0.292286 seconds .

========================================================================
Received Import Request.
  Time since last request: 2.326315 seconds.
  path: Assets/FPS/Prefabs/Characters/LocalPlayer.prefab
  artifactKey: Guid(a8b2f21d7de9bfc4cb6e904009cd5d95) Importer(815301076,1909f56bfc062723c751e8b465ee728b)
Start importing Assets/FPS/Prefabs/Characters/LocalPlayer.prefab using Guid(a8b2f21d7de9bfc4cb6e904009cd5d95) Importer(815301076,1909f56bfc062723c751e8b465ee728b)  -> (artifact id: 'd709677d6f22da60f55782cc457fbea7') in 0.302704 seconds
  Import took 0.321037 seconds .

========================================================================
Received Import Request.
  Time since last request: 1.213882 seconds.
  path: Assets/FPS/Prefabs/Characters/RemotePlayer.prefab
  artifactKey: Guid(f1b32146f35dccd438f8a88cea2d2dd3) Importer(815301076,1909f56bfc062723c751e8b465ee728b)
Start importing Assets/FPS/Prefabs/Characters/RemotePlayer.prefab using Guid(f1b32146f35dccd438f8a88cea2d2dd3) Importer(815301076,1909f56bfc062723c751e8b465ee728b)  -> (artifact id: 'ebe009584db204105e9d5687d3b3ad0b') in 0.160401 seconds
  Import took 0.170933 seconds .

========================================================================
Received Import Request.
  Time since last request: 9.211541 seconds.
  path: Assets/FPS/Prefabs/Characters/RemotePlayer.prefab
  artifactKey: Guid(f1b32146f35dccd438f8a88cea2d2dd3) Importer(815301076,1909f56bfc062723c751e8b465ee728b)
Start importing Assets/FPS/Prefabs/Characters/RemotePlayer.prefab using Guid(f1b32146f35dccd438f8a88cea2d2dd3) Importer(815301076,1909f56bfc062723c751e8b465ee728b)  -> (artifact id: '75361a5da3e6eb9ec395519efb8ccceb') in 0.223136 seconds
  Import took 0.240019 seconds .

========================================================================
Received Import Request.
  Time since last request: 5.472845 seconds.
  path: Assets/FPS/Prefabs/Characters/RemotePlayer.prefab
  artifactKey: Guid(f1b32146f35dccd438f8a88cea2d2dd3) Importer(815301076,1909f56bfc062723c751e8b465ee728b)
Start importing Assets/FPS/Prefabs/Characters/RemotePlayer.prefab using Guid(f1b32146f35dccd438f8a88cea2d2dd3) Importer(815301076,1909f56bfc062723c751e8b465ee728b)  -> (artifact id: 'eb383dff4d7696e823cfe47894317dd3') in 0.348027 seconds
  Import took 0.408356 seconds .

========================================================================
Received Prepare
Registering precompiled user dll's ...
Registered in 0.002138 seconds.
Begin MonoManager ReloadAssembly
Native extension for WindowsStandalone target not found
Refreshing native plugins compatible for Editor in 0.42 ms, found 0 plugins.
Preloading 0 native plugins for Editor in 0.00 ms.
Invoked RoslynAnalysisRunner static constructor.
RoslynAnalysisRunner will not be running.
RoslynAnalysisRunner has terminated.
Mono: successfully reloaded assembly
- Completed reload, in  3.894 seconds
Platform modules already initialized, skipping
Shader 'WFX/Transparent Specular': fallback shader 'Particles/Alpha Blended' not found
Shader 'WFX/Transparent Diffuse': fallback shader 'Particles/Alpha Blended' not found
Refreshing native plugins compatible for Editor in 0.97 ms, found 0 plugins.
Preloading 0 native plugins for Editor in 0.00 ms.
Unloading 1527 Unused Serialized files (Serialized files now loaded: 0)
System memory in use before: 98.7 MB.
System memory in use after: 98.8 MB.

Unloading 7 unused Assets to reduce memory usage. Loaded Objects now: 2061.
Total: 14.795500 ms (FindLiveObjects: 0.294500 ms CreateObjectMapping: 1.816300 ms MarkObjects: 12.458200 ms  DeleteObjects: 0.223900 ms)

========================================================================
Received Prepare
Registering precompiled user dll's ...
Registered in 0.002132 seconds.
Begin MonoManager ReloadAssembly
Native extension for WindowsStandalone target not found
Refreshing native plugins compatible for Editor in 3.58 ms, found 0 plugins.
Preloading 0 native plugins for Editor in 0.00 ms.
Invoked RoslynAnalysisRunner static constructor.
RoslynAnalysisRunner will not be running.
RoslynAnalysisRunner has terminated.
Mono: successfully reloaded assembly
- Completed reload, in  4.478 seconds
Platform modules already initialized, skipping
Shader 'WFX/Transparent Specular': fallback shader 'Particles/Alpha Blended' not found
Shader 'WFX/Transparent Diffuse': fallback shader 'Particles/Alpha Blended' not found
Refreshing native plugins compatible for Editor in 0.43 ms, found 0 plugins.
Preloading 0 native plugins for Editor in 0.00 ms.
Unloading 1527 Unused Serialized files (Serialized files now loaded: 0)
System memory in use before: 98.7 MB.
System memory in use after: 98.8 MB.

Unloading 6 unused Assets to reduce memory usage. Loaded Objects now: 2064.
Total: 11.473700 ms (FindLiveObjects: 1.416000 ms CreateObjectMapping: 0.367700 ms MarkObjects: 9.608000 ms  DeleteObjects: 0.079000 ms)

========================================================================
Received Prepare
Shader 'WFX/Transparent Specular': fallback shader 'Particles/Alpha Blended' not found
Shader 'WFX/Transparent Diffuse': fallback shader 'Particles/Alpha Blended' not found
Refreshing native plugins compatible for Editor in 1.82 ms, found 0 plugins.
Preloading 0 native plugins for Editor in 0.00 ms.
Unloading 4 Unused Serialized files (Serialized files now loaded: 0)
System memory in use before: 68.5 MB.
System memory in use after: 68.6 MB.

Unloading 4 unused Assets to reduce memory usage. Loaded Objects now: 2064.
Total: 2.406700 ms (FindLiveObjects: 0.230700 ms CreateObjectMapping: 0.064800 ms MarkObjects: 2.043200 ms  DeleteObjects: 0.067300 ms)

========================================================================
Received Prepare
Registering precompiled user dll's ...
Registered in 0.102271 seconds.
Begin MonoManager ReloadAssembly
Native extension for WindowsStandalone target not found
Refreshing native plugins compatible for Editor in 4.86 ms, found 0 plugins.
Preloading 0 native plugins for Editor in 0.00 ms.
Invoked RoslynAnalysisRunner static constructor.
RoslynAnalysisRunner will not be running.
RoslynAnalysisRunner has terminated.
Mono: successfully reloaded assembly
- Completed reload, in 18.189 seconds
Platform modules already initialized, skipping
Shader 'WFX/Transparent Specular': fallback shader 'Particles/Alpha Blended' not found
Shader 'WFX/Transparent Diffuse': fallback shader 'Particles/Alpha Blended' not found
Refreshing native plugins compatible for Editor in 0.54 ms, found 0 plugins.
Preloading 0 native plugins for Editor in 0.00 ms.
Unloading 1527 Unused Serialized files (Serialized files now loaded: 0)
System memory in use before: 98.7 MB.
System memory in use after: 98.8 MB.

Unloading 6 unused Assets to reduce memory usage. Loaded Objects now: 2067.
Total: 15.705300 ms (FindLiveObjects: 0.393400 ms CreateObjectMapping: 0.094100 ms MarkObjects: 5.232300 ms  DeleteObjects: 9.981000 ms)

========================================================================
Received Prepare
Registering precompiled user dll's ...
Registered in 0.001953 seconds.
Begin MonoManager ReloadAssembly
Native extension for WindowsStandalone target not found
Refreshing native plugins compatible for Editor in 0.62 ms, found 0 plugins.
Preloading 0 native plugins for Editor in 0.00 ms.
Invoked RoslynAnalysisRunner static constructor.
RoslynAnalysisRunner will not be running.
RoslynAnalysisRunner has terminated.
Mono: successfully reloaded assembly
- Completed reload, in  6.677 seconds
Platform modules already initialized, skipping
Shader 'WFX/Transparent Specular': fallback shader 'Particles/Alpha Blended' not found
Shader 'WFX/Transparent Diffuse': fallback shader 'Particles/Alpha Blended' not found
Refreshing native plugins compatible for Editor in 2.56 ms, found 0 plugins.
Preloading 0 native plugins for Editor in 0.00 ms.
Unloading 1527 Unused Serialized files (Serialized files now loaded: 0)
System memory in use before: 98.7 MB.
System memory in use after: 98.8 MB.

Unloading 6 unused Assets to reduce memory usage. Loaded Objects now: 2070.
Total: 12.159000 ms (FindLiveObjects: 2.118300 ms CreateObjectMapping: 1.224100 ms MarkObjects: 8.538400 ms  DeleteObjects: 0.229200 ms)

========================================================================
Received Prepare
Registering precompiled user dll's ...
Registered in 0.009180 seconds.
Begin MonoManager ReloadAssembly
Native extension for WindowsStandalone target not found
Refreshing native plugins compatible for Editor in 1.89 ms, found 0 plugins.
Preloading 0 native plugins for Editor in 0.00 ms.
Invoked RoslynAnalysisRunner static constructor.
RoslynAnalysisRunner will not be running.
RoslynAnalysisRunner has terminated.
Mono: successfully reloaded assembly
- Completed reload, in 16.309 seconds
Platform modules already initialized, skipping
Shader 'WFX/Transparent Specular': fallback shader 'Particles/Alpha Blended' not found
Shader 'WFX/Transparent Diffuse': fallback shader 'Particles/Alpha Blended' not found
Refreshing native plugins compatible for Editor in 0.44 ms, found 0 plugins.
Preloading 0 native plugins for Editor in 0.00 ms.
Unloading 1527 Unused Serialized files (Serialized files now loaded: 0)
System memory in use before: 98.7 MB.
System memory in use after: 98.8 MB.

Unloading 6 unused Assets to reduce memory usage. Loaded Objects now: 2073.
Total: 14.338100 ms (FindLiveObjects: 2.321500 ms CreateObjectMapping: 0.140700 ms MarkObjects: 11.436300 ms  DeleteObjects: 0.435400 ms)

========================================================================
Received Prepare
Registering precompiled user dll's ...
Registered in 0.003446 seconds.
Begin MonoManager ReloadAssembly
Native extension for WindowsStandalone target not found
Refreshing native plugins compatible for Editor in 0.46 ms, found 0 plugins.
Preloading 0 native plugins for Editor in 0.00 ms.
Invoked RoslynAnalysisRunner static constructor.
RoslynAnalysisRunner will not be running.
RoslynAnalysisRunner has terminated.
Mono: successfully reloaded assembly
- Completed reload, in  1.753 seconds
Platform modules already initialized, skipping
Shader 'WFX/Transparent Specular': fallback shader 'Particles/Alpha Blended' not found
Shader 'WFX/Transparent Diffuse': fallback shader 'Particles/Alpha Blended' not found
Refreshing native plugins compatible for Editor in 0.39 ms, found 0 plugins.
Preloading 0 native plugins for Editor in 0.00 ms.
Unloading 1527 Unused Serialized files (Serialized files now loaded: 0)
System memory in use before: 98.7 MB.
System memory in use after: 98.8 MB.

Unloading 6 unused Assets to reduce memory usage. Loaded Objects now: 2076.
Total: 2.737400 ms (FindLiveObjects: 0.254400 ms CreateObjectMapping: 0.090900 ms MarkObjects: 2.317500 ms  DeleteObjects: 0.073000 ms)

========================================================================
Received Import Request.
  Time since last request: 853.047087 seconds.
  path: Assets/FPS/Prefabs/Characters/CharacterDiedmodel/swat@Dying.prefab
  artifactKey: Guid(eaedced68afbb574ab02643cb98b8e4b) Importer(815301076,1909f56bfc062723c751e8b465ee728b)
Start importing Assets/FPS/Prefabs/Characters/CharacterDiedmodel/swat@Dying.prefab using Guid(eaedced68afbb574ab02643cb98b8e4b) Importer(815301076,1909f56bfc062723c751e8b465ee728b)  -> (artifact id: 'fdf0be10c09aab7a7b5319b0dff6cd40') in 0.254026 seconds
  Import took 0.261101 seconds .

========================================================================
Received Import Request.
  Time since last request: 14.270142 seconds.
  path: Assets/FPS/Prefabs/Characters/CharacterDiedmodel/DeathCamera.prefab
  artifactKey: Guid(4e2af043bdb00c645a014b9779a03388) Importer(815301076,1909f56bfc062723c751e8b465ee728b)
Start importing Assets/FPS/Prefabs/Characters/CharacterDiedmodel/DeathCamera.prefab using Guid(4e2af043bdb00c645a014b9779a03388) Importer(815301076,1909f56bfc062723c751e8b465ee728b)  -> (artifact id: '4d0741f7f1600f94c834496262fe99f6') in 0.027273 seconds
  Import took 0.031256 seconds .

========================================================================
Received Import Request.
  Time since last request: 4.006099 seconds.
  path: Assets/FPS/Prefabs/Characters/CharacterDiedmodel/DeathCamera.prefab
  artifactKey: Guid(4e2af043bdb00c645a014b9779a03388) Importer(815301076,1909f56bfc062723c751e8b465ee728b)
Start importing Assets/FPS/Prefabs/Characters/CharacterDiedmodel/DeathCamera.prefab using Guid(4e2af043bdb00c645a014b9779a03388) Importer(815301076,1909f56bfc062723c751e8b465ee728b)  -> (artifact id: '1209ab20f3b85b0f84d743edbbbf7d2d') in 0.033211 seconds
  Import took 0.037471 seconds .

========================================================================
Received Import Request.
  Time since last request: 1.757000 seconds.
  path: Assets/FPS/Prefabs/Characters/CharacterDiedmodel/DeathCamera.prefab
  artifactKey: Guid(4e2af043bdb00c645a014b9779a03388) Importer(815301076,1909f56bfc062723c751e8b465ee728b)
Start importing Assets/FPS/Prefabs/Characters/CharacterDiedmodel/DeathCamera.prefab using Guid(4e2af043bdb00c645a014b9779a03388) Importer(815301076,1909f56bfc062723c751e8b465ee728b)  -> (artifact id: '2ea729e5f58a2f1f10641013e2a9be81') in 0.029683 seconds
  Import took 0.037465 seconds .

========================================================================
Received Import Request.
  Time since last request: 2.743245 seconds.
  path: Assets/FPS/Prefabs/Characters/CharacterDiedmodel/DeathCamera.prefab
  artifactKey: Guid(4e2af043bdb00c645a014b9779a03388) Importer(815301076,1909f56bfc062723c751e8b465ee728b)
Start importing Assets/FPS/Prefabs/Characters/CharacterDiedmodel/DeathCamera.prefab using Guid(4e2af043bdb00c645a014b9779a03388) Importer(815301076,1909f56bfc062723c751e8b465ee728b)  -> (artifact id: 'ab332785bda789c86decaa61d0afe96d') in 0.013050 seconds
  Import took 0.022146 seconds .

========================================================================
Received Import Request.
  Time since last request: 6.909334 seconds.
  path: Assets/FPS/Prefabs/Characters/LocalPlayer.prefab
  artifactKey: Guid(a8b2f21d7de9bfc4cb6e904009cd5d95) Importer(815301076,1909f56bfc062723c751e8b465ee728b)
Start importing Assets/FPS/Prefabs/Characters/LocalPlayer.prefab using Guid(a8b2f21d7de9bfc4cb6e904009cd5d95) Importer(815301076,1909f56bfc062723c751e8b465ee728b)  -> (artifact id: '0ca1e2801c23a695a9868d2639be0fde') in 0.532364 seconds
  Import took 0.555456 seconds .

========================================================================
Received Import Request.
  Time since last request: 45.910923 seconds.
  path: Assets/FPS/Prefabs/Characters/CharacterDiedmodel/DeathCamera.prefab
  artifactKey: Guid(4e2af043bdb00c645a014b9779a03388) Importer(815301076,1909f56bfc062723c751e8b465ee728b)
Start importing Assets/FPS/Prefabs/Characters/CharacterDiedmodel/DeathCamera.prefab using Guid(4e2af043bdb00c645a014b9779a03388) Importer(815301076,1909f56bfc062723c751e8b465ee728b)  -> (artifact id: '57b1e5b864026d610a3135b9b2315af8') in 0.050048 seconds
  Import took 0.053944 seconds .

========================================================================
Received Import Request.
  Time since last request: 9.367834 seconds.
  path: Assets/FPS/Prefabs/Characters/LocalPlayer.prefab
  artifactKey: Guid(a8b2f21d7de9bfc4cb6e904009cd5d95) Importer(815301076,1909f56bfc062723c751e8b465ee728b)
Start importing Assets/FPS/Prefabs/Characters/LocalPlayer.prefab using Guid(a8b2f21d7de9bfc4cb6e904009cd5d95) Importer(815301076,1909f56bfc062723c751e8b465ee728b)  -> (artifact id: '47209f59bce06f9e356541d42fc8755a') in 0.364502 seconds
  Import took 0.390373 seconds .

========================================================================
Received Import Request.
  Time since last request: 6.874060 seconds.
  path: Assets/FPS/Prefabs/Characters/LocalPlayer.prefab
  artifactKey: Guid(a8b2f21d7de9bfc4cb6e904009cd5d95) Importer(815301076,1909f56bfc062723c751e8b465ee728b)
Start importing Assets/FPS/Prefabs/Characters/LocalPlayer.prefab using Guid(a8b2f21d7de9bfc4cb6e904009cd5d95) Importer(815301076,1909f56bfc062723c751e8b465ee728b)  -> (artifact id: '7e5ed152ecd8e3de1ae6fa7c68e6e08c') in 0.309239 seconds
  Import took 0.326229 seconds .

========================================================================
Received Import Request.
  Time since last request: 2.635086 seconds.
  path: Assets/FPS/Prefabs/Characters/LocalPlayer.prefab
  artifactKey: Guid(a8b2f21d7de9bfc4cb6e904009cd5d95) Importer(815301076,1909f56bfc062723c751e8b465ee728b)
Start importing Assets/FPS/Prefabs/Characters/LocalPlayer.prefab using Guid(a8b2f21d7de9bfc4cb6e904009cd5d95) Importer(815301076,1909f56bfc062723c751e8b465ee728b)  -> (artifact id: 'c7e7884db28645828b5d771cc8062d1a') in 0.412174 seconds
  Import took 0.428806 seconds .

========================================================================
Received Import Request.
  Time since last request: 25.920974 seconds.
  path: Assets/FPS/Prefabs/Characters/RemotePlayer.prefab
  artifactKey: Guid(f1b32146f35dccd438f8a88cea2d2dd3) Importer(815301076,1909f56bfc062723c751e8b465ee728b)
Start importing Assets/FPS/Prefabs/Characters/RemotePlayer.prefab using Guid(f1b32146f35dccd438f8a88cea2d2dd3) Importer(815301076,1909f56bfc062723c751e8b465ee728b)  -> (artifact id: 'b50bd2b536a9f7ae65e4eef3d7a50db1') in 3.008406 seconds
  Import took 3.066396 seconds .

========================================================================
Received Prepare
Registering precompiled user dll's ...
Registered in 0.002076 seconds.
Begin MonoManager ReloadAssembly
Native extension for WindowsStandalone target not found
Refreshing native plugins compatible for Editor in 0.40 ms, found 0 plugins.
Preloading 0 native plugins for Editor in 0.00 ms.
Invoked RoslynAnalysisRunner static constructor.
RoslynAnalysisRunner will not be running.
RoslynAnalysisRunner has terminated.
Mono: successfully reloaded assembly
- Completed reload, in  2.940 seconds
Platform modules already initialized, skipping
Shader 'WFX/Transparent Specular': fallback shader 'Particles/Alpha Blended' not found
Shader 'WFX/Transparent Diffuse': fallback shader 'Particles/Alpha Blended' not found
Refreshing native plugins compatible for Editor in 0.44 ms, found 0 plugins.
Preloading 0 native plugins for Editor in 0.00 ms.
Unloading 1527 Unused Serialized files (Serialized files now loaded: 0)
System memory in use before: 98.9 MB.
System memory in use after: 98.9 MB.

Unloading 7 unused Assets to reduce memory usage. Loaded Objects now: 2080.
Total: 3.471700 ms (FindLiveObjects: 0.297200 ms CreateObjectMapping: 0.151100 ms MarkObjects: 2.937300 ms  DeleteObjects: 0.083700 ms)

========================================================================
Received Import Request.
  Time since last request: 18.652074 seconds.
  path: Assets/FPS/Prefabs/Characters/RemotePlayer.prefab
  artifactKey: Guid(f1b32146f35dccd438f8a88cea2d2dd3) Importer(815301076,1909f56bfc062723c751e8b465ee728b)
Start importing Assets/FPS/Prefabs/Characters/RemotePlayer.prefab using Guid(f1b32146f35dccd438f8a88cea2d2dd3) Importer(815301076,1909f56bfc062723c751e8b465ee728b)  -> (artifact id: '977507a0e12f7e2d2002c890d3d35c21') in 0.498584 seconds
  Import took 0.660993 seconds .

========================================================================
Received Import Request.
  Time since last request: 8.024159 seconds.
  path: Assets/FPS/Prefabs/Characters/RemotePlayer.prefab
  artifactKey: Guid(f1b32146f35dccd438f8a88cea2d2dd3) Importer(815301076,1909f56bfc062723c751e8b465ee728b)
Start importing Assets/FPS/Prefabs/Characters/RemotePlayer.prefab using Guid(f1b32146f35dccd438f8a88cea2d2dd3) Importer(815301076,1909f56bfc062723c751e8b465ee728b)  -> (artifact id: '44eecc65cf5ef7ed12c292613e39aefc') in 0.344592 seconds
  Import took 0.443929 seconds .

========================================================================
Received Import Request.
  Time since last request: 3.032183 seconds.
  path: Assets/FPS/Prefabs/Characters/RemotePlayer.prefab
  artifactKey: Guid(f1b32146f35dccd438f8a88cea2d2dd3) Importer(815301076,1909f56bfc062723c751e8b465ee728b)
Start importing Assets/FPS/Prefabs/Characters/RemotePlayer.prefab using Guid(f1b32146f35dccd438f8a88cea2d2dd3) Importer(815301076,1909f56bfc062723c751e8b465ee728b)  -> (artifact id: '4c9cbfcaa7ed3edf278c7b2061ed0486') in 1.106011 seconds
  Import took 1.152212 seconds .

========================================================================
Received Import Request.
  Time since last request: 0.000095 seconds.
  path: Assets/FPS/Prefabs/Characters/RemotePlayer.prefab
  artifactKey: Guid(f1b32146f35dccd438f8a88cea2d2dd3) Importer(815301076,1909f56bfc062723c751e8b465ee728b)
Start importing Assets/FPS/Prefabs/Characters/RemotePlayer.prefab using Guid(f1b32146f35dccd438f8a88cea2d2dd3) Importer(815301076,1909f56bfc062723c751e8b465ee728b)  -> (artifact id: '4c9cbfcaa7ed3edf278c7b2061ed0486') in 0.593560 seconds
  Import took 0.614374 seconds .

========================================================================
Received Import Request.
  Time since last request: 4.437795 seconds.
  path: Assets/FPS/Prefabs/Characters/RemotePlayer.prefab
  artifactKey: Guid(f1b32146f35dccd438f8a88cea2d2dd3) Importer(815301076,1909f56bfc062723c751e8b465ee728b)
Start importing Assets/FPS/Prefabs/Characters/RemotePlayer.prefab using Guid(f1b32146f35dccd438f8a88cea2d2dd3) Importer(815301076,1909f56bfc062723c751e8b465ee728b)  -> (artifact id: '4c9cbfcaa7ed3edf278c7b2061ed0486') in 2.874789 seconds
  Import took 3.352598 seconds .

========================================================================
Received Prepare
Registering precompiled user dll's ...
Registered in 0.020737 seconds.
Begin MonoManager ReloadAssembly
Native extension for WindowsStandalone target not found
Refreshing native plugins compatible for Editor in 0.72 ms, found 0 plugins.
Preloading 0 native plugins for Editor in 0.00 ms.
Invoked RoslynAnalysisRunner static constructor.
RoslynAnalysisRunner will not be running.
RoslynAnalysisRunner has terminated.
Mono: successfully reloaded assembly
- Completed reload, in 10.000 seconds
Platform modules already initialized, skipping
Shader 'WFX/Transparent Specular': fallback shader 'Particles/Alpha Blended' not found
Shader 'WFX/Transparent Diffuse': fallback shader 'Particles/Alpha Blended' not found
Refreshing native plugins compatible for Editor in 2.92 ms, found 0 plugins.
Preloading 0 native plugins for Editor in 0.00 ms.
Unloading 1527 Unused Serialized files (Serialized files now loaded: 0)
System memory in use before: 98.9 MB.
System memory in use after: 98.9 MB.

Unloading 6 unused Assets to reduce memory usage. Loaded Objects now: 2084.
Total: 24.904200 ms (FindLiveObjects: 4.054400 ms CreateObjectMapping: 5.095300 ms MarkObjects: 15.326100 ms  DeleteObjects: 0.425300 ms)

========================================================================
Received Prepare
Registering precompiled user dll's ...
Registered in 0.164693 seconds.
Begin MonoManager ReloadAssembly
Native extension for WindowsStandalone target not found
Refreshing native plugins compatible for Editor in 1.24 ms, found 0 plugins.
Preloading 0 native plugins for Editor in 0.00 ms.
Invoked RoslynAnalysisRunner static constructor.
RoslynAnalysisRunner will not be running.
RoslynAnalysisRunner has terminated.
Mono: successfully reloaded assembly
- Completed reload, in 12.917 seconds
Platform modules already initialized, skipping
Shader 'WFX/Transparent Specular': fallback shader 'Particles/Alpha Blended' not found
Shader 'WFX/Transparent Diffuse': fallback shader 'Particles/Alpha Blended' not found
Refreshing native plugins compatible for Editor in 1.03 ms, found 0 plugins.
Preloading 0 native plugins for Editor in 0.00 ms.
Unloading 1527 Unused Serialized files (Serialized files now loaded: 0)
System memory in use before: 98.9 MB.
System memory in use after: 98.9 MB.

Unloading 6 unused Assets to reduce memory usage. Loaded Objects now: 2087.
Total: 5.556900 ms (FindLiveObjects: 0.322900 ms CreateObjectMapping: 0.109900 ms MarkObjects: 4.797600 ms  DeleteObjects: 0.311900 ms)

========================================================================
Received Import Request.
  Time since last request: 154.643139 seconds.
  path: Assets/FPS/Prefabs/Characters/LocalPlayer.prefab
  artifactKey: Guid(a8b2f21d7de9bfc4cb6e904009cd5d95) Importer(815301076,1909f56bfc062723c751e8b465ee728b)
Start importing Assets/FPS/Prefabs/Characters/LocalPlayer.prefab using Guid(a8b2f21d7de9bfc4cb6e904009cd5d95) Importer(815301076,1909f56bfc062723c751e8b465ee728b)  -> (artifact id: '0275f3387efef83ec92204dc5a29900c') in 1.528439 seconds
  Import took 1.553723 seconds .

========================================================================
Received Import Request.
  Time since last request: 3.148539 seconds.
  path: Assets/FPS/Prefabs/Characters/RemotePlayer.prefab
  artifactKey: Guid(f1b32146f35dccd438f8a88cea2d2dd3) Importer(815301076,1909f56bfc062723c751e8b465ee728b)
Start importing Assets/FPS/Prefabs/Characters/RemotePlayer.prefab using Guid(f1b32146f35dccd438f8a88cea2d2dd3) Importer(815301076,1909f56bfc062723c751e8b465ee728b)  -> (artifact id: 'a0ced37a1d8fc12697019bcda5ac4730') in 0.289040 seconds
  Import took 0.305322 seconds .

========================================================================
Received Import Request.
  Time since last request: 21.554998 seconds.
  path: Assets/FPS/Prefabs/Characters/CharacterDiedmodel/swat@Death From Front Headshot.prefab
  artifactKey: Guid(747df4833a17a4e47bc029e87a82b640) Importer(815301076,1909f56bfc062723c751e8b465ee728b)
Start importing Assets/FPS/Prefabs/Characters/CharacterDiedmodel/swat@Death From Front Headshot.prefab using Guid(747df4833a17a4e47bc029e87a82b640) Importer(815301076,1909f56bfc062723c751e8b465ee728b)  -> (artifact id: '8a0bbd0a1651ffa095771d563058c1f5') in 0.485060 seconds
  Import took 0.494119 seconds .

========================================================================
Received Prepare
Registering precompiled user dll's ...
Registered in 0.002135 seconds.
Begin MonoManager ReloadAssembly
Native extension for WindowsStandalone target not found
Refreshing native plugins compatible for Editor in 0.45 ms, found 0 plugins.
Preloading 0 native plugins for Editor in 0.00 ms.
Invoked RoslynAnalysisRunner static constructor.
RoslynAnalysisRunner will not be running.
RoslynAnalysisRunner has terminated.
Mono: successfully reloaded assembly
- Completed reload, in  3.869 seconds
Platform modules already initialized, skipping
Shader 'WFX/Transparent Specular': fallback shader 'Particles/Alpha Blended' not found
Shader 'WFX/Transparent Diffuse': fallback shader 'Particles/Alpha Blended' not found
Refreshing native plugins compatible for Editor in 0.87 ms, found 0 plugins.
Preloading 0 native plugins for Editor in 0.00 ms.
Unloading 1527 Unused Serialized files (Serialized files now loaded: 0)
System memory in use before: 98.9 MB.
System memory in use after: 99.0 MB.

Unloading 7 unused Assets to reduce memory usage. Loaded Objects now: 2091.
Total: 6.821000 ms (FindLiveObjects: 0.290400 ms CreateObjectMapping: 0.079600 ms MarkObjects: 5.443400 ms  DeleteObjects: 1.004800 ms)

========================================================================
Received Prepare
Registering precompiled user dll's ...
Registered in 0.018360 seconds.
Begin MonoManager ReloadAssembly
Native extension for WindowsStandalone target not found
Refreshing native plugins compatible for Editor in 3.98 ms, found 0 plugins.
Preloading 0 native plugins for Editor in 0.00 ms.
Invoked RoslynAnalysisRunner static constructor.
RoslynAnalysisRunner will not be running.
RoslynAnalysisRunner has terminated.
Mono: successfully reloaded assembly
- Completed reload, in  2.815 seconds
Platform modules already initialized, skipping
Shader 'WFX/Transparent Specular': fallback shader 'Particles/Alpha Blended' not found
Shader 'WFX/Transparent Diffuse': fallback shader 'Particles/Alpha Blended' not found
Refreshing native plugins compatible for Editor in 0.49 ms, found 0 plugins.
Preloading 0 native plugins for Editor in 0.00 ms.
Unloading 1527 Unused Serialized files (Serialized files now loaded: 0)
System memory in use before: 98.9 MB.
System memory in use after: 99.0 MB.

Unloading 6 unused Assets to reduce memory usage. Loaded Objects now: 2094.
Total: 5.250800 ms (FindLiveObjects: 0.666400 ms CreateObjectMapping: 0.140500 ms MarkObjects: 4.342200 ms  DeleteObjects: 0.097800 ms)

========================================================================
Received Prepare
Registering precompiled user dll's ...
Registered in 0.002168 seconds.
Begin MonoManager ReloadAssembly
Native extension for WindowsStandalone target not found
Refreshing native plugins compatible for Editor in 0.63 ms, found 0 plugins.
Preloading 0 native plugins for Editor in 0.00 ms.
Invoked RoslynAnalysisRunner static constructor.
RoslynAnalysisRunner will not be running.
RoslynAnalysisRunner has terminated.
Mono: successfully reloaded assembly
- Completed reload, in  2.315 seconds
Platform modules already initialized, skipping
Shader 'WFX/Transparent Specular': fallback shader 'Particles/Alpha Blended' not found
Shader 'WFX/Transparent Diffuse': fallback shader 'Particles/Alpha Blended' not found
Refreshing native plugins compatible for Editor in 0.64 ms, found 0 plugins.
Preloading 0 native plugins for Editor in 0.00 ms.
Unloading 1527 Unused Serialized files (Serialized files now loaded: 0)
System memory in use before: 98.9 MB.
System memory in use after: 99.0 MB.

Unloading 6 unused Assets to reduce memory usage. Loaded Objects now: 2097.
Total: 2.433500 ms (FindLiveObjects: 0.210300 ms CreateObjectMapping: 0.077500 ms MarkObjects: 2.047800 ms  DeleteObjects: 0.096700 ms)

========================================================================
Received Import Request.
  Time since last request: 277.843163 seconds.
  path: Assets/FPS/Prefabs/Characters/RemotePlayer.prefab
  artifactKey: Guid(f1b32146f35dccd438f8a88cea2d2dd3) Importer(815301076,1909f56bfc062723c751e8b465ee728b)
Start importing Assets/FPS/Prefabs/Characters/RemotePlayer.prefab using Guid(f1b32146f35dccd438f8a88cea2d2dd3) Importer(815301076,1909f56bfc062723c751e8b465ee728b)  -> (artifact id: 'd4d2da0621c35503a4b6aa50fa3d7d20') in 0.699611 seconds
  Import took 0.727118 seconds .

========================================================================
Received Import Request.
  Time since last request: 20.560907 seconds.
  path: Assets/FPS/Prefabs/Characters/LocalPlayer.prefab
  artifactKey: Guid(a8b2f21d7de9bfc4cb6e904009cd5d95) Importer(815301076,1909f56bfc062723c751e8b465ee728b)
Start importing Assets/FPS/Prefabs/Characters/LocalPlayer.prefab using Guid(a8b2f21d7de9bfc4cb6e904009cd5d95) Importer(815301076,1909f56bfc062723c751e8b465ee728b)  -> (artifact id: 'cde91140ec5e11c38d36b924681ce180') in 0.487967 seconds
  Import took 0.644237 seconds .

========================================================================
Received Prepare
Registering precompiled user dll's ...
Registered in 0.002107 seconds.
Begin MonoManager ReloadAssembly
Native extension for WindowsStandalone target not found
Refreshing native plugins compatible for Editor in 0.47 ms, found 0 plugins.
Preloading 0 native plugins for Editor in 0.00 ms.
Invoked RoslynAnalysisRunner static constructor.
RoslynAnalysisRunner will not be running.
RoslynAnalysisRunner has terminated.
Mono: successfully reloaded assembly
- Completed reload, in  2.620 seconds
Platform modules already initialized, skipping
Shader 'WFX/Transparent Specular': fallback shader 'Particles/Alpha Blended' not found
Shader 'WFX/Transparent Diffuse': fallback shader 'Particles/Alpha Blended' not found
Refreshing native plugins compatible for Editor in 0.52 ms, found 0 plugins.
Preloading 0 native plugins for Editor in 0.00 ms.
Unloading 1527 Unused Serialized files (Serialized files now loaded: 0)
System memory in use before: 98.9 MB.
System memory in use after: 99.0 MB.

Unloading 7 unused Assets to reduce memory usage. Loaded Objects now: 2101.
Total: 5.476000 ms (FindLiveObjects: 0.512000 ms CreateObjectMapping: 0.457600 ms MarkObjects: 4.404100 ms  DeleteObjects: 0.100600 ms)

========================================================================
Received Prepare
Registering precompiled user dll's ...
Registered in 0.001974 seconds.
Begin MonoManager ReloadAssembly
Native extension for WindowsStandalone target not found
Refreshing native plugins compatible for Editor in 0.70 ms, found 0 plugins.
Preloading 0 native plugins for Editor in 0.00 ms.
Invoked RoslynAnalysisRunner static constructor.
RoslynAnalysisRunner will not be running.
RoslynAnalysisRunner has terminated.
Mono: successfully reloaded assembly
- Completed reload, in  3.186 seconds
Platform modules already initialized, skipping
Shader 'WFX/Transparent Specular': fallback shader 'Particles/Alpha Blended' not found
Shader 'WFX/Transparent Diffuse': fallback shader 'Particles/Alpha Blended' not found
Refreshing native plugins compatible for Editor in 1.99 ms, found 0 plugins.
Preloading 0 native plugins for Editor in 0.00 ms.
Unloading 1527 Unused Serialized files (Serialized files now loaded: 0)
System memory in use before: 98.9 MB.
System memory in use after: 99.0 MB.

Unloading 6 unused Assets to reduce memory usage. Loaded Objects now: 2104.
Total: 3.203000 ms (FindLiveObjects: 0.293800 ms CreateObjectMapping: 0.116800 ms MarkObjects: 2.716500 ms  DeleteObjects: 0.074100 ms)

========================================================================
Received Prepare
Registering precompiled user dll's ...
Registered in 0.002169 seconds.
Begin MonoManager ReloadAssembly
Native extension for WindowsStandalone target not found
Refreshing native plugins compatible for Editor in 0.38 ms, found 0 plugins.
Preloading 0 native plugins for Editor in 0.00 ms.
Invoked RoslynAnalysisRunner static constructor.
RoslynAnalysisRunner will not be running.
RoslynAnalysisRunner has terminated.
Mono: successfully reloaded assembly
- Completed reload, in  1.615 seconds
Platform modules already initialized, skipping
Shader 'WFX/Transparent Specular': fallback shader 'Particles/Alpha Blended' not found
Shader 'WFX/Transparent Diffuse': fallback shader 'Particles/Alpha Blended' not found
Refreshing native plugins compatible for Editor in 0.49 ms, found 0 plugins.
Preloading 0 native plugins for Editor in 0.00 ms.
Unloading 1527 Unused Serialized files (Serialized files now loaded: 0)
System memory in use before: 98.9 MB.
System memory in use after: 99.0 MB.

Unloading 6 unused Assets to reduce memory usage. Loaded Objects now: 2107.
Total: 2.977000 ms (FindLiveObjects: 0.573900 ms CreateObjectMapping: 0.145700 ms MarkObjects: 2.176300 ms  DeleteObjects: 0.079700 ms)

========================================================================
Received Import Request.
  Time since last request: 224.997815 seconds.
  path: Assets/!GameData/Player Audio Settings/Player Audio Settings.asset
  artifactKey: Guid(3646ab6d736d6ed4f88f535f4291eb25) Importer(815301076,1909f56bfc062723c751e8b465ee728b)
Start importing Assets/!GameData/Player Audio Settings/Player Audio Settings.asset using Guid(3646ab6d736d6ed4f88f535f4291eb25) Importer(815301076,1909f56bfc062723c751e8b465ee728b)  -> (artifact id: 'cfc8cbdf3c03b48bbfa9a83adc75ae82') in 0.034786 seconds
  Import took 0.038597 seconds .

========================================================================
Received Import Request.
  Time since last request: 0.023222 seconds.
  path: Assets/!GameData/Player Audio Settings/Player Audio Settings.asset
  artifactKey: Guid(3646ab6d736d6ed4f88f535f4291eb25) Importer(815301076,1909f56bfc062723c751e8b465ee728b)
Start importing Assets/!GameData/Player Audio Settings/Player Audio Settings.asset using Guid(3646ab6d736d6ed4f88f535f4291eb25) Importer(815301076,1909f56bfc062723c751e8b465ee728b)  -> (artifact id: 'cfc8cbdf3c03b48bbfa9a83adc75ae82') in 0.012506 seconds
  Import took 0.019583 seconds .

========================================================================
Received Prepare
Registering precompiled user dll's ...
Registered in 0.009921 seconds.
Begin MonoManager ReloadAssembly
Native extension for WindowsStandalone target not found
Refreshing native plugins compatible for Editor in 0.39 ms, found 0 plugins.
Preloading 0 native plugins for Editor in 0.00 ms.
Invoked RoslynAnalysisRunner static constructor.
RoslynAnalysisRunner will not be running.
RoslynAnalysisRunner has terminated.
Mono: successfully reloaded assembly
- Completed reload, in  1.935 seconds
Platform modules already initialized, skipping
Shader 'WFX/Transparent Specular': fallback shader 'Particles/Alpha Blended' not found
Shader 'WFX/Transparent Diffuse': fallback shader 'Particles/Alpha Blended' not found
Refreshing native plugins compatible for Editor in 0.42 ms, found 0 plugins.
Preloading 0 native plugins for Editor in 0.00 ms.
Unloading 1527 Unused Serialized files (Serialized files now loaded: 0)
System memory in use before: 98.9 MB.
System memory in use after: 99.0 MB.

Unloading 6 unused Assets to reduce memory usage. Loaded Objects now: 2110.
Total: 2.830700 ms (FindLiveObjects: 0.237300 ms CreateObjectMapping: 0.082100 ms MarkObjects: 2.419700 ms  DeleteObjects: 0.089800 ms)

========================================================================
Received Prepare
Shader 'WFX/Transparent Specular': fallback shader 'Particles/Alpha Blended' not found
Shader 'WFX/Transparent Diffuse': fallback shader 'Particles/Alpha Blended' not found
Refreshing native plugins compatible for Editor in 5.80 ms, found 0 plugins.
Preloading 0 native plugins for Editor in 0.00 ms.
Unloading 4 Unused Serialized files (Serialized files now loaded: 0)
System memory in use before: 68.7 MB.
System memory in use after: 68.8 MB.

Unloading 4 unused Assets to reduce memory usage. Loaded Objects now: 2110.
Total: 26.646400 ms (FindLiveObjects: 0.399800 ms CreateObjectMapping: 0.158500 ms MarkObjects: 26.015300 ms  DeleteObjects: 0.070500 ms)

========================================================================
Received Prepare
Registering precompiled user dll's ...
Registered in 0.025675 seconds.
Begin MonoManager ReloadAssembly
Native extension for WindowsStandalone target not found
Refreshing native plugins compatible for Editor in 1.65 ms, found 0 plugins.
Preloading 0 native plugins for Editor in 0.00 ms.
Invoked RoslynAnalysisRunner static constructor.
RoslynAnalysisRunner will not be running.
RoslynAnalysisRunner has terminated.
Mono: successfully reloaded assembly
- Completed reload, in 10.778 seconds
Platform modules already initialized, skipping
Shader 'WFX/Transparent Specular': fallback shader 'Particles/Alpha Blended' not found
Shader 'WFX/Transparent Diffuse': fallback shader 'Particles/Alpha Blended' not found
Refreshing native plugins compatible for Editor in 2.61 ms, found 0 plugins.
Preloading 0 native plugins for Editor in 0.00 ms.
Unloading 1527 Unused Serialized files (Serialized files now loaded: 0)
System memory in use before: 98.9 MB.
System memory in use after: 99.0 MB.

Unloading 6 unused Assets to reduce memory usage. Loaded Objects now: 2113.
Total: 5.066500 ms (FindLiveObjects: 0.291300 ms CreateObjectMapping: 0.072000 ms MarkObjects: 4.608600 ms  DeleteObjects: 0.091500 ms)

========================================================================
Received Prepare
Registering precompiled user dll's ...
Registered in 0.002160 seconds.
Begin MonoManager ReloadAssembly
Native extension for WindowsStandalone target not found
Refreshing native plugins compatible for Editor in 0.43 ms, found 0 plugins.
Preloading 0 native plugins for Editor in 0.00 ms.
Invoked RoslynAnalysisRunner static constructor.
RoslynAnalysisRunner will not be running.
RoslynAnalysisRunner has terminated.
Mono: successfully reloaded assembly
- Completed reload, in  1.516 seconds
Platform modules already initialized, skipping
Shader 'WFX/Transparent Specular': fallback shader 'Particles/Alpha Blended' not found
Shader 'WFX/Transparent Diffuse': fallback shader 'Particles/Alpha Blended' not found
Refreshing native plugins compatible for Editor in 0.44 ms, found 0 plugins.
Preloading 0 native plugins for Editor in 0.00 ms.
Unloading 1527 Unused Serialized files (Serialized files now loaded: 0)
System memory in use before: 98.9 MB.
System memory in use after: 99.0 MB.

Unloading 6 unused Assets to reduce memory usage. Loaded Objects now: 2116.
Total: 3.542100 ms (FindLiveObjects: 0.728600 ms CreateObjectMapping: 0.184000 ms MarkObjects: 2.559800 ms  DeleteObjects: 0.068100 ms)

========================================================================
Received Prepare
Shader 'WFX/Transparent Specular': fallback shader 'Particles/Alpha Blended' not found
Shader 'WFX/Transparent Diffuse': fallback shader 'Particles/Alpha Blended' not found
Refreshing native plugins compatible for Editor in 2.86 ms, found 0 plugins.
Preloading 0 native plugins for Editor in 0.00 ms.
Unloading 4 Unused Serialized files (Serialized files now loaded: 0)
System memory in use before: 68.7 MB.
System memory in use after: 68.8 MB.

Unloading 4 unused Assets to reduce memory usage. Loaded Objects now: 2116.
Total: 20.510700 ms (FindLiveObjects: 0.416100 ms CreateObjectMapping: 0.096400 ms MarkObjects: 19.879200 ms  DeleteObjects: 0.117700 ms)

========================================================================
Received Prepare
Registering precompiled user dll's ...
Registered in 0.114031 seconds.
Begin MonoManager ReloadAssembly
Native extension for WindowsStandalone target not found
Refreshing native plugins compatible for Editor in 0.63 ms, found 0 plugins.
Preloading 0 native plugins for Editor in 0.00 ms.
Invoked RoslynAnalysisRunner static constructor.
RoslynAnalysisRunner will not be running.
RoslynAnalysisRunner has terminated.
Mono: successfully reloaded assembly
- Completed reload, in  3.504 seconds
Platform modules already initialized, skipping
Shader 'WFX/Transparent Specular': fallback shader 'Particles/Alpha Blended' not found
Shader 'WFX/Transparent Diffuse': fallback shader 'Particles/Alpha Blended' not found
Refreshing native plugins compatible for Editor in 0.41 ms, found 0 plugins.
Preloading 0 native plugins for Editor in 0.00 ms.
Unloading 1527 Unused Serialized files (Serialized files now loaded: 0)
System memory in use before: 98.9 MB.
System memory in use after: 99.0 MB.

Unloading 6 unused Assets to reduce memory usage. Loaded Objects now: 2119.
Total: 2.763100 ms (FindLiveObjects: 0.313600 ms CreateObjectMapping: 0.063400 ms MarkObjects: 2.265000 ms  DeleteObjects: 0.119800 ms)

AssetImportWorkerClient::OnTransportError - code=2 error=End of file
